[0.526s] DEBUG:colcon:Command line arguments: ['/usr/bin/colcon', 'build']
[0.526s] DEBUG:colcon:Parsed command line arguments: Namespace(log_base=None, log_level=None, verb_name='build', build_base='build', install_base='install', merge_install=False, symlink_install=False, test_result_base=None, continue_on_error=False, executor='parallel', parallel_workers=7, event_handlers=None, ignore_user_meta=False, metas=['./colcon.meta'], base_paths=['.'], packages_ignore=None, packages_ignore_regex=None, paths=None, packages_up_to=None, packages_up_to_regex=None, packages_above=None, packages_above_and_dependencies=None, packages_above_depth=None, packages_select_by_dep=None, packages_skip_by_dep=None, packages_skip_up_to=None, packages_select_build_failed=False, packages_skip_build_finished=False, packages_select_test_failures=False, packages_skip_test_passed=False, packages_select=None, packages_skip=None, packages_select_regex=None, packages_skip_regex=None, packages_start=None, packages_end=None, allow_overriding=[], cmake_args=None, cmake_target=None, cmake_target_skip_unavailable=False, cmake_clean_cache=False, cmake_clean_first=False, cmake_force_configure=False, ament_cmake_args=None, catkin_cmake_args=None, catkin_skip_building_tests=False, mixin_files=None, mixin=None, verb_parser=<colcon_mixin.mixin.mixin_argument.MixinArgumentDecorator object at 0x7230c7e83560>, verb_extension=<colcon_core.verb.build.BuildVerb object at 0x7230c7fafdd0>, main=<bound method BuildVerb.main of <colcon_core.verb.build.BuildVerb object at 0x7230c7fafdd0>>, mixin_verb=('build',))
[0.623s] Level 1:colcon.colcon_core.package_discovery:discover_packages(colcon_meta) check parameters
[0.623s] Level 1:colcon.colcon_core.package_discovery:discover_packages(recursive) check parameters
[0.623s] Level 1:colcon.colcon_core.package_discovery:discover_packages(ignore) check parameters
[0.623s] Level 1:colcon.colcon_core.package_discovery:discover_packages(path) check parameters
[0.623s] Level 1:colcon.colcon_core.package_discovery:discover_packages(colcon_meta) discover
[0.623s] Level 1:colcon.colcon_core.package_discovery:discover_packages(recursive) discover
[0.623s] INFO:colcon.colcon_core.package_discovery:Crawling recursively for packages in '/home/matteo/ros2_ws'
[0.623s] Level 1:colcon.colcon_core.package_identification:_identify(.) by extensions ['ignore', 'ignore_ament_install']
[0.623s] Level 1:colcon.colcon_core.package_identification:_identify(.) by extension 'ignore'
[0.623s] Level 1:colcon.colcon_core.package_identification:_identify(.) by extension 'ignore_ament_install'
[0.623s] Level 1:colcon.colcon_core.package_identification:_identify(.) by extensions ['colcon_pkg']
[0.623s] Level 1:colcon.colcon_core.package_identification:_identify(.) by extension 'colcon_pkg'
[0.623s] Level 1:colcon.colcon_core.package_identification:_identify(.) by extensions ['colcon_meta']
[0.623s] Level 1:colcon.colcon_core.package_identification:_identify(.) by extension 'colcon_meta'
[0.623s] Level 1:colcon.colcon_core.package_identification:_identify(.) by extensions ['ros']
[0.623s] Level 1:colcon.colcon_core.package_identification:_identify(.) by extension 'ros'
[0.653s] Level 1:colcon.colcon_core.package_identification:_identify(.) by extensions ['cmake', 'python']
[0.653s] Level 1:colcon.colcon_core.package_identification:_identify(.) by extension 'cmake'
[0.653s] Level 1:colcon.colcon_core.package_identification:_identify(.) by extension 'python'
[0.654s] Level 1:colcon.colcon_core.package_identification:_identify(.) by extensions ['python_setup_py']
[0.654s] Level 1:colcon.colcon_core.package_identification:_identify(.) by extension 'python_setup_py'
[0.654s] Level 1:colcon.colcon_core.package_identification:_identify(build) by extensions ['ignore', 'ignore_ament_install']
[0.654s] Level 1:colcon.colcon_core.package_identification:_identify(build) by extension 'ignore'
[0.654s] Level 1:colcon.colcon_core.package_identification:_identify(build) ignored
[0.654s] Level 1:colcon.colcon_core.package_identification:_identify(install) by extensions ['ignore', 'ignore_ament_install']
[0.654s] Level 1:colcon.colcon_core.package_identification:_identify(install) by extension 'ignore'
[0.654s] Level 1:colcon.colcon_core.package_identification:_identify(install) ignored
[0.654s] Level 1:colcon.colcon_core.package_identification:_identify(log) by extensions ['ignore', 'ignore_ament_install']
[0.654s] Level 1:colcon.colcon_core.package_identification:_identify(log) by extension 'ignore'
[0.654s] Level 1:colcon.colcon_core.package_identification:_identify(log) ignored
[0.654s] Level 1:colcon.colcon_core.package_identification:_identify(src) by extensions ['ignore', 'ignore_ament_install']
[0.654s] Level 1:colcon.colcon_core.package_identification:_identify(src) by extension 'ignore'
[0.654s] Level 1:colcon.colcon_core.package_identification:_identify(src) by extension 'ignore_ament_install'
[0.654s] Level 1:colcon.colcon_core.package_identification:_identify(src) by extensions ['colcon_pkg']
[0.654s] Level 1:colcon.colcon_core.package_identification:_identify(src) by extension 'colcon_pkg'
[0.654s] Level 1:colcon.colcon_core.package_identification:_identify(src) by extensions ['colcon_meta']
[0.654s] Level 1:colcon.colcon_core.package_identification:_identify(src) by extension 'colcon_meta'
[0.654s] Level 1:colcon.colcon_core.package_identification:_identify(src) by extensions ['ros']
[0.654s] Level 1:colcon.colcon_core.package_identification:_identify(src) by extension 'ros'
[0.654s] Level 1:colcon.colcon_core.package_identification:_identify(src) by extensions ['cmake', 'python']
[0.654s] Level 1:colcon.colcon_core.package_identification:_identify(src) by extension 'cmake'
[0.654s] Level 1:colcon.colcon_core.package_identification:_identify(src) by extension 'python'
[0.654s] Level 1:colcon.colcon_core.package_identification:_identify(src) by extensions ['python_setup_py']
[0.654s] Level 1:colcon.colcon_core.package_identification:_identify(src) by extension 'python_setup_py'
[0.654s] Level 1:colcon.colcon_core.package_identification:_identify(src/robotarm_ros2) by extensions ['ignore', 'ignore_ament_install']
[0.654s] Level 1:colcon.colcon_core.package_identification:_identify(src/robotarm_ros2) by extension 'ignore'
[0.654s] Level 1:colcon.colcon_core.package_identification:_identify(src/robotarm_ros2) by extension 'ignore_ament_install'
[0.654s] Level 1:colcon.colcon_core.package_identification:_identify(src/robotarm_ros2) by extensions ['colcon_pkg']
[0.654s] Level 1:colcon.colcon_core.package_identification:_identify(src/robotarm_ros2) by extension 'colcon_pkg'
[0.654s] Level 1:colcon.colcon_core.package_identification:_identify(src/robotarm_ros2) by extensions ['colcon_meta']
[0.654s] Level 1:colcon.colcon_core.package_identification:_identify(src/robotarm_ros2) by extension 'colcon_meta'
[0.654s] Level 1:colcon.colcon_core.package_identification:_identify(src/robotarm_ros2) by extensions ['ros']
[0.654s] Level 1:colcon.colcon_core.package_identification:_identify(src/robotarm_ros2) by extension 'ros'
[0.654s] Level 1:colcon.colcon_core.package_identification:_identify(src/robotarm_ros2) by extensions ['cmake', 'python']
[0.654s] Level 1:colcon.colcon_core.package_identification:_identify(src/robotarm_ros2) by extension 'cmake'
[0.654s] Level 1:colcon.colcon_core.package_identification:_identify(src/robotarm_ros2) by extension 'python'
[0.654s] Level 1:colcon.colcon_core.package_identification:_identify(src/robotarm_ros2) by extensions ['python_setup_py']
[0.654s] Level 1:colcon.colcon_core.package_identification:_identify(src/robotarm_ros2) by extension 'python_setup_py'
[0.654s] Level 1:colcon.colcon_core.package_identification:_identify(src/robotarm_ros2/robotarm_description) by extensions ['ignore', 'ignore_ament_install']
[0.654s] Level 1:colcon.colcon_core.package_identification:_identify(src/robotarm_ros2/robotarm_description) by extension 'ignore'
[0.654s] Level 1:colcon.colcon_core.package_identification:_identify(src/robotarm_ros2/robotarm_description) by extension 'ignore_ament_install'
[0.654s] Level 1:colcon.colcon_core.package_identification:_identify(src/robotarm_ros2/robotarm_description) by extensions ['colcon_pkg']
[0.654s] Level 1:colcon.colcon_core.package_identification:_identify(src/robotarm_ros2/robotarm_description) by extension 'colcon_pkg'
[0.654s] Level 1:colcon.colcon_core.package_identification:_identify(src/robotarm_ros2/robotarm_description) by extensions ['colcon_meta']
[0.654s] Level 1:colcon.colcon_core.package_identification:_identify(src/robotarm_ros2/robotarm_description) by extension 'colcon_meta'
[0.654s] Level 1:colcon.colcon_core.package_identification:_identify(src/robotarm_ros2/robotarm_description) by extensions ['ros']
[0.654s] Level 1:colcon.colcon_core.package_identification:_identify(src/robotarm_ros2/robotarm_description) by extension 'ros'
[0.659s] DEBUG:colcon.colcon_core.package_identification:Package 'src/robotarm_ros2/robotarm_description' with type 'ros.ament_cmake' and name 'robotarm_description'
[0.659s] Level 1:colcon.colcon_core.package_identification:_identify(src/robotarm_ros2/robotarm_ros2) by extensions ['ignore', 'ignore_ament_install']
[0.659s] Level 1:colcon.colcon_core.package_identification:_identify(src/robotarm_ros2/robotarm_ros2) by extension 'ignore'
[0.659s] Level 1:colcon.colcon_core.package_identification:_identify(src/robotarm_ros2/robotarm_ros2) by extension 'ignore_ament_install'
[0.659s] Level 1:colcon.colcon_core.package_identification:_identify(src/robotarm_ros2/robotarm_ros2) by extensions ['colcon_pkg']
[0.659s] Level 1:colcon.colcon_core.package_identification:_identify(src/robotarm_ros2/robotarm_ros2) by extension 'colcon_pkg'
[0.659s] Level 1:colcon.colcon_core.package_identification:_identify(src/robotarm_ros2/robotarm_ros2) by extensions ['colcon_meta']
[0.659s] Level 1:colcon.colcon_core.package_identification:_identify(src/robotarm_ros2/robotarm_ros2) by extension 'colcon_meta'
[0.659s] Level 1:colcon.colcon_core.package_identification:_identify(src/robotarm_ros2/robotarm_ros2) by extensions ['ros']
[0.659s] Level 1:colcon.colcon_core.package_identification:_identify(src/robotarm_ros2/robotarm_ros2) by extension 'ros'
[0.660s] DEBUG:colcon.colcon_core.package_identification:Package 'src/robotarm_ros2/robotarm_ros2' with type 'ros.ament_cmake' and name 'robotarm_ros2'
[0.660s] Level 1:colcon.colcon_core.package_discovery:discover_packages(recursive) using defaults
[0.660s] Level 1:colcon.colcon_core.package_discovery:discover_packages(ignore) discover
[0.660s] Level 1:colcon.colcon_core.package_discovery:discover_packages(ignore) using defaults
[0.660s] Level 1:colcon.colcon_core.package_discovery:discover_packages(path) discover
[0.660s] Level 1:colcon.colcon_core.package_discovery:discover_packages(path) using defaults
[0.689s] Level 1:colcon.colcon_core.package_discovery:discover_packages(prefix_path) check parameters
[0.689s] Level 1:colcon.colcon_core.package_discovery:discover_packages(prefix_path) discover
[0.694s] DEBUG:colcon.colcon_installed_package_information.package_discovery:Found 290 installed packages in /opt/ros/jazzy
[0.697s] Level 1:colcon.colcon_core.package_discovery:discover_packages(prefix_path) using defaults
[0.725s] Level 5:colcon.colcon_core.verb:set package 'robotarm_description' build argument 'cmake_args' from command line to 'None'
[0.725s] Level 5:colcon.colcon_core.verb:set package 'robotarm_description' build argument 'cmake_target' from command line to 'None'
[0.725s] Level 5:colcon.colcon_core.verb:set package 'robotarm_description' build argument 'cmake_target_skip_unavailable' from command line to 'False'
[0.725s] Level 5:colcon.colcon_core.verb:set package 'robotarm_description' build argument 'cmake_clean_cache' from command line to 'False'
[0.725s] Level 5:colcon.colcon_core.verb:set package 'robotarm_description' build argument 'cmake_clean_first' from command line to 'False'
[0.726s] Level 5:colcon.colcon_core.verb:set package 'robotarm_description' build argument 'cmake_force_configure' from command line to 'False'
[0.726s] Level 5:colcon.colcon_core.verb:set package 'robotarm_description' build argument 'ament_cmake_args' from command line to 'None'
[0.726s] Level 5:colcon.colcon_core.verb:set package 'robotarm_description' build argument 'catkin_cmake_args' from command line to 'None'
[0.726s] Level 5:colcon.colcon_core.verb:set package 'robotarm_description' build argument 'catkin_skip_building_tests' from command line to 'False'
[0.726s] DEBUG:colcon.colcon_core.verb:Building package 'robotarm_description' with the following arguments: {'ament_cmake_args': None, 'build_base': '/home/matteo/ros2_ws/build/robotarm_description', 'catkin_cmake_args': None, 'catkin_skip_building_tests': False, 'cmake_args': None, 'cmake_clean_cache': False, 'cmake_clean_first': False, 'cmake_force_configure': False, 'cmake_target': None, 'cmake_target_skip_unavailable': False, 'install_base': '/home/matteo/ros2_ws/install/robotarm_description', 'merge_install': False, 'path': '/home/matteo/ros2_ws/src/robotarm_ros2/robotarm_description', 'symlink_install': False, 'test_result_base': None}
[0.726s] Level 5:colcon.colcon_core.verb:set package 'robotarm_ros2' build argument 'cmake_args' from command line to 'None'
[0.726s] Level 5:colcon.colcon_core.verb:set package 'robotarm_ros2' build argument 'cmake_target' from command line to 'None'
[0.726s] Level 5:colcon.colcon_core.verb:set package 'robotarm_ros2' build argument 'cmake_target_skip_unavailable' from command line to 'False'
[0.726s] Level 5:colcon.colcon_core.verb:set package 'robotarm_ros2' build argument 'cmake_clean_cache' from command line to 'False'
[0.726s] Level 5:colcon.colcon_core.verb:set package 'robotarm_ros2' build argument 'cmake_clean_first' from command line to 'False'
[0.726s] Level 5:colcon.colcon_core.verb:set package 'robotarm_ros2' build argument 'cmake_force_configure' from command line to 'False'
[0.726s] Level 5:colcon.colcon_core.verb:set package 'robotarm_ros2' build argument 'ament_cmake_args' from command line to 'None'
[0.726s] Level 5:colcon.colcon_core.verb:set package 'robotarm_ros2' build argument 'catkin_cmake_args' from command line to 'None'
[0.726s] Level 5:colcon.colcon_core.verb:set package 'robotarm_ros2' build argument 'catkin_skip_building_tests' from command line to 'False'
[0.726s] DEBUG:colcon.colcon_core.verb:Building package 'robotarm_ros2' with the following arguments: {'ament_cmake_args': None, 'build_base': '/home/matteo/ros2_ws/build/robotarm_ros2', 'catkin_cmake_args': None, 'catkin_skip_building_tests': False, 'cmake_args': None, 'cmake_clean_cache': False, 'cmake_clean_first': False, 'cmake_force_configure': False, 'cmake_target': None, 'cmake_target_skip_unavailable': False, 'install_base': '/home/matteo/ros2_ws/install/robotarm_ros2', 'merge_install': False, 'path': '/home/matteo/ros2_ws/src/robotarm_ros2/robotarm_ros2', 'symlink_install': False, 'test_result_base': None}
[0.726s] INFO:colcon.colcon_core.executor:Executing jobs using 'parallel' executor
[0.727s] DEBUG:colcon.colcon_parallel_executor.executor.parallel:run_until_complete
[0.727s] INFO:colcon.colcon_ros.task.ament_cmake.build:Building ROS package in '/home/matteo/ros2_ws/src/robotarm_ros2/robotarm_description' with build type 'ament_cmake'
[0.727s] INFO:colcon.colcon_cmake.task.cmake.build:Building CMake package in '/home/matteo/ros2_ws/src/robotarm_ros2/robotarm_description'
[0.753s] INFO:colcon.colcon_core.plugin_system:Skipping extension 'colcon_core.shell.bat': Not used on non-Windows systems
[0.753s] INFO:colcon.colcon_core.shell:Skip shell extension 'powershell' for command environment: Not usable outside of PowerShell
[0.753s] DEBUG:colcon.colcon_core.shell:Skip shell extension 'dsv' for command environment
[0.763s] DEBUG:colcon.colcon_core.event_handler.log_command:Invoking command in '/home/matteo/ros2_ws/build/robotarm_description': CMAKE_PREFIX_PATH=${CMAKE_PREFIX_PATH}:/opt/ros/jazzy DEBUGINFOD_URLS=https://debuginfod.ubuntu.com /usr/bin/cmake --build /home/matteo/ros2_ws/build/robotarm_description -- -j7 -l7
[0.862s] DEBUG:colcon.colcon_core.event_handler.log_command:Invoked command in '/home/matteo/ros2_ws/build/robotarm_description' returned '0': CMAKE_PREFIX_PATH=${CMAKE_PREFIX_PATH}:/opt/ros/jazzy DEBUGINFOD_URLS=https://debuginfod.ubuntu.com /usr/bin/cmake --build /home/matteo/ros2_ws/build/robotarm_description -- -j7 -l7
[0.879s] DEBUG:colcon.colcon_core.event_handler.log_command:Invoking command in '/home/matteo/ros2_ws/build/robotarm_description': CMAKE_PREFIX_PATH=${CMAKE_PREFIX_PATH}:/opt/ros/jazzy DEBUGINFOD_URLS=https://debuginfod.ubuntu.com /usr/bin/cmake --install /home/matteo/ros2_ws/build/robotarm_description
[0.988s] Level 1:colcon.colcon_core.environment:create_environment_scripts_only(robotarm_description)
[0.989s] DEBUG:colcon.colcon_core.event_handler.log_command:Invoked command in '/home/matteo/ros2_ws/build/robotarm_description' returned '0': CMAKE_PREFIX_PATH=${CMAKE_PREFIX_PATH}:/opt/ros/jazzy DEBUGINFOD_URLS=https://debuginfod.ubuntu.com /usr/bin/cmake --install /home/matteo/ros2_ws/build/robotarm_description
[1.002s] Level 1:colcon.colcon_core.environment:checking '/home/matteo/ros2_ws/install/robotarm_description' for CMake module files
[1.002s] Level 1:colcon.colcon_core.environment:checking '/home/matteo/ros2_ws/install/robotarm_description' for CMake config files
[1.005s] Level 1:colcon.colcon_core.shell:create_environment_hook('robotarm_description', 'cmake_prefix_path')
[1.006s] INFO:colcon.colcon_core.shell:Creating environment hook '/home/matteo/ros2_ws/install/robotarm_description/share/robotarm_description/hook/cmake_prefix_path.ps1'
[1.007s] INFO:colcon.colcon_core.shell:Creating environment descriptor '/home/matteo/ros2_ws/install/robotarm_description/share/robotarm_description/hook/cmake_prefix_path.dsv'
[1.008s] INFO:colcon.colcon_core.shell:Creating environment hook '/home/matteo/ros2_ws/install/robotarm_description/share/robotarm_description/hook/cmake_prefix_path.sh'
[1.008s] Level 1:colcon.colcon_core.environment:checking '/home/matteo/ros2_ws/install/robotarm_description/bin'
[1.008s] Level 1:colcon.colcon_core.environment:checking '/home/matteo/ros2_ws/install/robotarm_description/lib/pkgconfig/robotarm_description.pc'
[1.010s] Level 1:colcon.colcon_core.environment:checking '/home/matteo/ros2_ws/install/robotarm_description/lib/python3.12/site-packages'
[1.010s] Level 1:colcon.colcon_core.environment:checking '/home/matteo/ros2_ws/install/robotarm_description/bin'
[1.010s] INFO:colcon.colcon_core.shell:Creating package script '/home/matteo/ros2_ws/install/robotarm_description/share/robotarm_description/package.ps1'
[1.011s] INFO:colcon.colcon_core.shell:Creating package descriptor '/home/matteo/ros2_ws/install/robotarm_description/share/robotarm_description/package.dsv'
[1.012s] INFO:colcon.colcon_core.shell:Creating package script '/home/matteo/ros2_ws/install/robotarm_description/share/robotarm_description/package.sh'
[1.013s] INFO:colcon.colcon_core.shell:Creating package script '/home/matteo/ros2_ws/install/robotarm_description/share/robotarm_description/package.bash'
[1.015s] INFO:colcon.colcon_core.shell:Creating package script '/home/matteo/ros2_ws/install/robotarm_description/share/robotarm_description/package.zsh'
[1.016s] Level 1:colcon.colcon_core.environment:create_file_with_runtime_dependencies(/home/matteo/ros2_ws/install/robotarm_description/share/colcon-core/packages/robotarm_description)
[1.016s] Level 1:colcon.colcon_core.environment:create_environment_scripts_only(robotarm_description)
[1.016s] Level 1:colcon.colcon_core.environment:checking '/home/matteo/ros2_ws/install/robotarm_description' for CMake module files
[1.017s] Level 1:colcon.colcon_core.environment:checking '/home/matteo/ros2_ws/install/robotarm_description' for CMake config files
[1.017s] Level 1:colcon.colcon_core.shell:create_environment_hook('robotarm_description', 'cmake_prefix_path')
[1.017s] INFO:colcon.colcon_core.shell:Creating environment hook '/home/matteo/ros2_ws/install/robotarm_description/share/robotarm_description/hook/cmake_prefix_path.ps1'
[1.017s] INFO:colcon.colcon_core.shell:Creating environment descriptor '/home/matteo/ros2_ws/install/robotarm_description/share/robotarm_description/hook/cmake_prefix_path.dsv'
[1.017s] INFO:colcon.colcon_core.shell:Creating environment hook '/home/matteo/ros2_ws/install/robotarm_description/share/robotarm_description/hook/cmake_prefix_path.sh'
[1.019s] Level 1:colcon.colcon_core.environment:checking '/home/matteo/ros2_ws/install/robotarm_description/bin'
[1.019s] Level 1:colcon.colcon_core.environment:checking '/home/matteo/ros2_ws/install/robotarm_description/lib/pkgconfig/robotarm_description.pc'
[1.019s] Level 1:colcon.colcon_core.environment:checking '/home/matteo/ros2_ws/install/robotarm_description/lib/python3.12/site-packages'
[1.019s] Level 1:colcon.colcon_core.environment:checking '/home/matteo/ros2_ws/install/robotarm_description/bin'
[1.019s] INFO:colcon.colcon_core.shell:Creating package script '/home/matteo/ros2_ws/install/robotarm_description/share/robotarm_description/package.ps1'
[1.019s] INFO:colcon.colcon_core.shell:Creating package descriptor '/home/matteo/ros2_ws/install/robotarm_description/share/robotarm_description/package.dsv'
[1.019s] INFO:colcon.colcon_core.shell:Creating package script '/home/matteo/ros2_ws/install/robotarm_description/share/robotarm_description/package.sh'
[1.020s] INFO:colcon.colcon_core.shell:Creating package script '/home/matteo/ros2_ws/install/robotarm_description/share/robotarm_description/package.bash'
[1.020s] INFO:colcon.colcon_core.shell:Creating package script '/home/matteo/ros2_ws/install/robotarm_description/share/robotarm_description/package.zsh'
[1.021s] Level 1:colcon.colcon_core.environment:create_file_with_runtime_dependencies(/home/matteo/ros2_ws/install/robotarm_description/share/colcon-core/packages/robotarm_description)
[1.021s] INFO:colcon.colcon_ros.task.ament_cmake.build:Building ROS package in '/home/matteo/ros2_ws/src/robotarm_ros2/robotarm_ros2' with build type 'ament_cmake'
[1.021s] INFO:colcon.colcon_cmake.task.cmake.build:Building CMake package in '/home/matteo/ros2_ws/src/robotarm_ros2/robotarm_ros2'
[1.022s] INFO:colcon.colcon_core.shell:Skip shell extension 'powershell' for command environment: Not usable outside of PowerShell
[1.022s] DEBUG:colcon.colcon_core.shell:Skip shell extension 'dsv' for command environment
[1.057s] DEBUG:colcon.colcon_core.event_handler.log_command:Invoking command in '/home/matteo/ros2_ws/build/robotarm_ros2': AMENT_PREFIX_PATH=/home/matteo/ros2_ws/install/robotarm_description:${AMENT_PREFIX_PATH} CMAKE_PREFIX_PATH=/home/matteo/ros2_ws/install/robotarm_description:/opt/ros/jazzy/opt/gz_math_vendor:/opt/ros/jazzy/opt/gz_utils_vendor:/opt/ros/jazzy/opt/gz_cmake_vendor:/opt/ros/jazzy DEBUGINFOD_URLS=https://debuginfod.ubuntu.com /usr/bin/cmake --build /home/matteo/ros2_ws/build/robotarm_ros2 -- -j7 -l7
[1.145s] DEBUG:colcon.colcon_core.event_handler.log_command:Invoked command in '/home/matteo/ros2_ws/build/robotarm_ros2' returned '0': AMENT_PREFIX_PATH=/home/matteo/ros2_ws/install/robotarm_description:${AMENT_PREFIX_PATH} CMAKE_PREFIX_PATH=/home/matteo/ros2_ws/install/robotarm_description:/opt/ros/jazzy/opt/gz_math_vendor:/opt/ros/jazzy/opt/gz_utils_vendor:/opt/ros/jazzy/opt/gz_cmake_vendor:/opt/ros/jazzy DEBUGINFOD_URLS=https://debuginfod.ubuntu.com /usr/bin/cmake --build /home/matteo/ros2_ws/build/robotarm_ros2 -- -j7 -l7
[1.154s] DEBUG:colcon.colcon_core.event_handler.log_command:Invoking command in '/home/matteo/ros2_ws/build/robotarm_ros2': AMENT_PREFIX_PATH=/home/matteo/ros2_ws/install/robotarm_description:${AMENT_PREFIX_PATH} CMAKE_PREFIX_PATH=/home/matteo/ros2_ws/install/robotarm_description:/opt/ros/jazzy/opt/gz_math_vendor:/opt/ros/jazzy/opt/gz_utils_vendor:/opt/ros/jazzy/opt/gz_cmake_vendor:/opt/ros/jazzy DEBUGINFOD_URLS=https://debuginfod.ubuntu.com /usr/bin/cmake --install /home/matteo/ros2_ws/build/robotarm_ros2
[1.173s] Level 1:colcon.colcon_core.environment:create_environment_scripts_only(robotarm_ros2)
[1.173s] Level 1:colcon.colcon_core.environment:checking '/home/matteo/ros2_ws/install/robotarm_ros2' for CMake module files
[1.175s] DEBUG:colcon.colcon_core.event_handler.log_command:Invoked command in '/home/matteo/ros2_ws/build/robotarm_ros2' returned '0': AMENT_PREFIX_PATH=/home/matteo/ros2_ws/install/robotarm_description:${AMENT_PREFIX_PATH} CMAKE_PREFIX_PATH=/home/matteo/ros2_ws/install/robotarm_description:/opt/ros/jazzy/opt/gz_math_vendor:/opt/ros/jazzy/opt/gz_utils_vendor:/opt/ros/jazzy/opt/gz_cmake_vendor:/opt/ros/jazzy DEBUGINFOD_URLS=https://debuginfod.ubuntu.com /usr/bin/cmake --install /home/matteo/ros2_ws/build/robotarm_ros2
[1.176s] Level 1:colcon.colcon_core.environment:checking '/home/matteo/ros2_ws/install/robotarm_ros2' for CMake config files
[1.176s] Level 1:colcon.colcon_core.shell:create_environment_hook('robotarm_ros2', 'cmake_prefix_path')
[1.178s] INFO:colcon.colcon_core.shell:Creating environment hook '/home/matteo/ros2_ws/install/robotarm_ros2/share/robotarm_ros2/hook/cmake_prefix_path.ps1'
[1.178s] INFO:colcon.colcon_core.shell:Creating environment descriptor '/home/matteo/ros2_ws/install/robotarm_ros2/share/robotarm_ros2/hook/cmake_prefix_path.dsv'
[1.178s] INFO:colcon.colcon_core.shell:Creating environment hook '/home/matteo/ros2_ws/install/robotarm_ros2/share/robotarm_ros2/hook/cmake_prefix_path.sh'
[1.179s] Level 1:colcon.colcon_core.environment:checking '/home/matteo/ros2_ws/install/robotarm_ros2/bin'
[1.179s] Level 1:colcon.colcon_core.environment:checking '/home/matteo/ros2_ws/install/robotarm_ros2/lib/pkgconfig/robotarm_ros2.pc'
[1.179s] Level 1:colcon.colcon_core.environment:checking '/home/matteo/ros2_ws/install/robotarm_ros2/lib/python3.12/site-packages'
[1.179s] Level 1:colcon.colcon_core.environment:checking '/home/matteo/ros2_ws/install/robotarm_ros2/bin'
[1.179s] INFO:colcon.colcon_core.shell:Creating package script '/home/matteo/ros2_ws/install/robotarm_ros2/share/robotarm_ros2/package.ps1'
[1.180s] INFO:colcon.colcon_core.shell:Creating package descriptor '/home/matteo/ros2_ws/install/robotarm_ros2/share/robotarm_ros2/package.dsv'
[1.180s] INFO:colcon.colcon_core.shell:Creating package script '/home/matteo/ros2_ws/install/robotarm_ros2/share/robotarm_ros2/package.sh'
[1.180s] INFO:colcon.colcon_core.shell:Creating package script '/home/matteo/ros2_ws/install/robotarm_ros2/share/robotarm_ros2/package.bash'
[1.180s] INFO:colcon.colcon_core.shell:Creating package script '/home/matteo/ros2_ws/install/robotarm_ros2/share/robotarm_ros2/package.zsh'
[1.180s] Level 1:colcon.colcon_core.environment:create_file_with_runtime_dependencies(/home/matteo/ros2_ws/install/robotarm_ros2/share/colcon-core/packages/robotarm_ros2)
[1.183s] Level 1:colcon.colcon_core.environment:create_environment_scripts_only(robotarm_ros2)
[1.183s] Level 1:colcon.colcon_core.environment:checking '/home/matteo/ros2_ws/install/robotarm_ros2' for CMake module files
[1.183s] Level 1:colcon.colcon_core.environment:checking '/home/matteo/ros2_ws/install/robotarm_ros2' for CMake config files
[1.183s] Level 1:colcon.colcon_core.shell:create_environment_hook('robotarm_ros2', 'cmake_prefix_path')
[1.183s] INFO:colcon.colcon_core.shell:Creating environment hook '/home/matteo/ros2_ws/install/robotarm_ros2/share/robotarm_ros2/hook/cmake_prefix_path.ps1'
[1.184s] INFO:colcon.colcon_core.shell:Creating environment descriptor '/home/matteo/ros2_ws/install/robotarm_ros2/share/robotarm_ros2/hook/cmake_prefix_path.dsv'
[1.184s] INFO:colcon.colcon_core.shell:Creating environment hook '/home/matteo/ros2_ws/install/robotarm_ros2/share/robotarm_ros2/hook/cmake_prefix_path.sh'
[1.184s] Level 1:colcon.colcon_core.environment:checking '/home/matteo/ros2_ws/install/robotarm_ros2/bin'
[1.184s] Level 1:colcon.colcon_core.environment:checking '/home/matteo/ros2_ws/install/robotarm_ros2/lib/pkgconfig/robotarm_ros2.pc'
[1.184s] Level 1:colcon.colcon_core.environment:checking '/home/matteo/ros2_ws/install/robotarm_ros2/lib/python3.12/site-packages'
[1.184s] Level 1:colcon.colcon_core.environment:checking '/home/matteo/ros2_ws/install/robotarm_ros2/bin'
[1.184s] INFO:colcon.colcon_core.shell:Creating package script '/home/matteo/ros2_ws/install/robotarm_ros2/share/robotarm_ros2/package.ps1'
[1.185s] INFO:colcon.colcon_core.shell:Creating package descriptor '/home/matteo/ros2_ws/install/robotarm_ros2/share/robotarm_ros2/package.dsv'
[1.185s] INFO:colcon.colcon_core.shell:Creating package script '/home/matteo/ros2_ws/install/robotarm_ros2/share/robotarm_ros2/package.sh'
[1.185s] INFO:colcon.colcon_core.shell:Creating package script '/home/matteo/ros2_ws/install/robotarm_ros2/share/robotarm_ros2/package.bash'
[1.185s] INFO:colcon.colcon_core.shell:Creating package script '/home/matteo/ros2_ws/install/robotarm_ros2/share/robotarm_ros2/package.zsh'
[1.187s] Level 1:colcon.colcon_core.environment:create_file_with_runtime_dependencies(/home/matteo/ros2_ws/install/robotarm_ros2/share/colcon-core/packages/robotarm_ros2)
[1.187s] DEBUG:colcon.colcon_parallel_executor.executor.parallel:closing loop
[1.187s] DEBUG:colcon.colcon_parallel_executor.executor.parallel:loop closed
[1.188s] DEBUG:colcon.colcon_parallel_executor.executor.parallel:run_until_complete finished with '0'
[1.188s] DEBUG:colcon.colcon_core.event_reactor:joining thread
[1.204s] INFO:colcon.colcon_core.plugin_system:Skipping extension 'colcon_notification.desktop_notification.terminal_notifier': Not used on non-Darwin systems
[1.204s] INFO:colcon.colcon_core.plugin_system:Skipping extension 'colcon_notification.desktop_notification.win32': Not used on non-Windows systems
[1.204s] INFO:colcon.colcon_notification.desktop_notification:Sending desktop notification using 'notify2'
[1.232s] DEBUG:colcon.colcon_core.event_reactor:joined thread
[1.234s] INFO:colcon.colcon_core.shell:Creating prefix script '/home/matteo/ros2_ws/install/local_setup.ps1'
[1.235s] INFO:colcon.colcon_core.shell:Creating prefix util module '/home/matteo/ros2_ws/install/_local_setup_util_ps1.py'
[1.237s] INFO:colcon.colcon_core.shell:Creating prefix chain script '/home/matteo/ros2_ws/install/setup.ps1'
[1.238s] INFO:colcon.colcon_core.shell:Creating prefix script '/home/matteo/ros2_ws/install/local_setup.sh'
[1.240s] INFO:colcon.colcon_core.shell:Creating prefix util module '/home/matteo/ros2_ws/install/_local_setup_util_sh.py'
[1.241s] INFO:colcon.colcon_core.shell:Creating prefix chain script '/home/matteo/ros2_ws/install/setup.sh'
[1.243s] INFO:colcon.colcon_core.shell:Creating prefix script '/home/matteo/ros2_ws/install/local_setup.bash'
[1.246s] INFO:colcon.colcon_core.shell:Creating prefix chain script '/home/matteo/ros2_ws/install/setup.bash'
[1.247s] INFO:colcon.colcon_core.shell:Creating prefix script '/home/matteo/ros2_ws/install/local_setup.zsh'
[1.249s] INFO:colcon.colcon_core.shell:Creating prefix chain script '/home/matteo/ros2_ws/install/setup.zsh'
