[0.019s] Invoking command in '/home/matteo/ros2_ws/build/robotarm_ros2': AMENT_PREFIX_PATH=/home/matteo/ros2_ws/install/robotarm_description:${AMENT_PREFIX_PATH} CMAKE_PREFIX_PATH=/home/matteo/ros2_ws/install/robotarm_description:/opt/ros/jazzy/opt/gz_math_vendor:/opt/ros/jazzy/opt/gz_utils_vendor:/opt/ros/jazzy/opt/gz_cmake_vendor:/opt/ros/jazzy DEBUGINFOD_URLS=https://debuginfod.ubuntu.com /usr/bin/cmake /home/matteo/ros2_ws/src/robotarm_ros2/robotarm_ros2 -DCMAKE_INSTALL_PREFIX=/home/matteo/ros2_ws/install/robotarm_ros2
[0.197s] -- The C compiler identification is GNU 13.3.0
[0.282s] -- The CXX compiler identification is GNU 13.3.0
[0.328s] -- Detecting C compiler ABI info
[0.495s] -- Detecting C compiler ABI info - done
[0.500s] -- Check for working C compiler: /usr/bin/cc - skipped
[0.503s] -- Detecting C compile features
[0.504s] -- Detecting C compile features - done
[0.516s] -- Detecting CXX compiler ABI info
[0.631s] -- Detecting CXX compiler ABI info - done
[0.638s] -- Check for working CXX compiler: /usr/bin/c++ - skipped
[0.638s] -- Detecting CXX compile features
[0.639s] -- Detecting CXX compile features - done
[0.642s] -- Found ament_cmake: 2.5.4 (/opt/ros/jazzy/share/ament_cmake/cmake)
[0.805s] -- Found Python3: /usr/bin/python3 (found version "3.12.3") found components: Interpreter 
[0.976s] -- Found ament_lint_auto: 0.17.3 (/opt/ros/jazzy/share/ament_lint_auto/cmake)
[1.110s] -- Added test 'lint_cmake' to check CMake code style
[1.110s] -- Added test 'xmllint' to check XML markup files
[1.131s] -- Configuring done (1.0s)
[1.131s] -- Generating done (0.0s)
[1.131s] -- Build files have been written to: /home/matteo/ros2_ws/build/robotarm_ros2
[1.175s] Invoked command in '/home/matteo/ros2_ws/build/robotarm_ros2' returned '0': AMENT_PREFIX_PATH=/home/matteo/ros2_ws/install/robotarm_description:${AMENT_PREFIX_PATH} CMAKE_PREFIX_PATH=/home/matteo/ros2_ws/install/robotarm_description:/opt/ros/jazzy/opt/gz_math_vendor:/opt/ros/jazzy/opt/gz_utils_vendor:/opt/ros/jazzy/opt/gz_cmake_vendor:/opt/ros/jazzy DEBUGINFOD_URLS=https://debuginfod.ubuntu.com /usr/bin/cmake /home/matteo/ros2_ws/src/robotarm_ros2/robotarm_ros2 -DCMAKE_INSTALL_PREFIX=/home/matteo/ros2_ws/install/robotarm_ros2
[1.175s] Invoking command in '/home/matteo/ros2_ws/build/robotarm_ros2': AMENT_PREFIX_PATH=/home/matteo/ros2_ws/install/robotarm_description:${AMENT_PREFIX_PATH} CMAKE_PREFIX_PATH=/home/matteo/ros2_ws/install/robotarm_description:/opt/ros/jazzy/opt/gz_math_vendor:/opt/ros/jazzy/opt/gz_utils_vendor:/opt/ros/jazzy/opt/gz_cmake_vendor:/opt/ros/jazzy DEBUGINFOD_URLS=https://debuginfod.ubuntu.com /usr/bin/cmake --build /home/matteo/ros2_ws/build/robotarm_ros2 -- -j7 -l7
[1.240s] Invoked command in '/home/matteo/ros2_ws/build/robotarm_ros2' returned '0': AMENT_PREFIX_PATH=/home/matteo/ros2_ws/install/robotarm_description:${AMENT_PREFIX_PATH} CMAKE_PREFIX_PATH=/home/matteo/ros2_ws/install/robotarm_description:/opt/ros/jazzy/opt/gz_math_vendor:/opt/ros/jazzy/opt/gz_utils_vendor:/opt/ros/jazzy/opt/gz_cmake_vendor:/opt/ros/jazzy DEBUGINFOD_URLS=https://debuginfod.ubuntu.com /usr/bin/cmake --build /home/matteo/ros2_ws/build/robotarm_ros2 -- -j7 -l7
[1.240s] Invoking command in '/home/matteo/ros2_ws/build/robotarm_ros2': AMENT_PREFIX_PATH=/home/matteo/ros2_ws/install/robotarm_description:${AMENT_PREFIX_PATH} CMAKE_PREFIX_PATH=/home/matteo/ros2_ws/install/robotarm_description:/opt/ros/jazzy/opt/gz_math_vendor:/opt/ros/jazzy/opt/gz_utils_vendor:/opt/ros/jazzy/opt/gz_cmake_vendor:/opt/ros/jazzy DEBUGINFOD_URLS=https://debuginfod.ubuntu.com /usr/bin/cmake --install /home/matteo/ros2_ws/build/robotarm_ros2
[1.268s] -- Install configuration: ""
[1.268s] -- Installing: /home/matteo/ros2_ws/install/robotarm_ros2/share/ament_index/resource_index/package_run_dependencies/robotarm_ros2
[1.268s] -- Installing: /home/matteo/ros2_ws/install/robotarm_ros2/share/ament_index/resource_index/parent_prefix_path/robotarm_ros2
[1.268s] -- Installing: /home/matteo/ros2_ws/install/robotarm_ros2/share/robotarm_ros2/environment/ament_prefix_path.sh
[1.268s] -- Installing: /home/matteo/ros2_ws/install/robotarm_ros2/share/robotarm_ros2/environment/ament_prefix_path.dsv
[1.268s] -- Installing: /home/matteo/ros2_ws/install/robotarm_ros2/share/robotarm_ros2/environment/path.sh
[1.268s] -- Installing: /home/matteo/ros2_ws/install/robotarm_ros2/share/robotarm_ros2/environment/path.dsv
[1.268s] -- Installing: /home/matteo/ros2_ws/install/robotarm_ros2/share/robotarm_ros2/local_setup.bash
[1.268s] -- Installing: /home/matteo/ros2_ws/install/robotarm_ros2/share/robotarm_ros2/local_setup.sh
[1.268s] -- Installing: /home/matteo/ros2_ws/install/robotarm_ros2/share/robotarm_ros2/local_setup.zsh
[1.268s] -- Installing: /home/matteo/ros2_ws/install/robotarm_ros2/share/robotarm_ros2/local_setup.dsv
[1.268s] -- Installing: /home/matteo/ros2_ws/install/robotarm_ros2/share/robotarm_ros2/package.dsv
[1.268s] -- Installing: /home/matteo/ros2_ws/install/robotarm_ros2/share/ament_index/resource_index/packages/robotarm_ros2
[1.268s] -- Installing: /home/matteo/ros2_ws/install/robotarm_ros2/share/robotarm_ros2/cmake/robotarm_ros2Config.cmake
[1.268s] -- Installing: /home/matteo/ros2_ws/install/robotarm_ros2/share/robotarm_ros2/cmake/robotarm_ros2Config-version.cmake
[1.268s] -- Installing: /home/matteo/ros2_ws/install/robotarm_ros2/share/robotarm_ros2/package.xml
[1.268s] Invoked command in '/home/matteo/ros2_ws/build/robotarm_ros2' returned '0': AMENT_PREFIX_PATH=/home/matteo/ros2_ws/install/robotarm_description:${AMENT_PREFIX_PATH} CMAKE_PREFIX_PATH=/home/matteo/ros2_ws/install/robotarm_description:/opt/ros/jazzy/opt/gz_math_vendor:/opt/ros/jazzy/opt/gz_utils_vendor:/opt/ros/jazzy/opt/gz_cmake_vendor:/opt/ros/jazzy DEBUGINFOD_URLS=https://debuginfod.ubuntu.com /usr/bin/cmake --install /home/matteo/ros2_ws/build/robotarm_ros2
