[0.008s] Invoking command in '/home/matteo/ros2_ws/build/robotarm_description': CMAKE_PREFIX_PATH=${CMAKE_PREFIX_PATH}:/opt/ros/jazzy DEBUGINFOD_URLS=https://debuginfod.ubuntu.com /usr/bin/cmake --build /home/matteo/ros2_ws/build/robotarm_description -- -j7 -l7
[0.129s] Invoked command in '/home/matteo/ros2_ws/build/robotarm_description' returned '0': CMAKE_PREFIX_PATH=${CMAKE_PREFIX_PATH}:/opt/ros/jazzy DEBUGINFOD_URLS=https://debuginfod.ubuntu.com /usr/bin/cmake --build /home/matteo/ros2_ws/build/robotarm_description -- -j7 -l7
[0.146s] Invoking command in '/home/matteo/ros2_ws/build/robotarm_description': CMAKE_PREFIX_PATH=${CMAKE_PREFIX_PATH}:/opt/ros/jazzy DEBUGINFOD_URLS=https://debuginfod.ubuntu.com /usr/bin/cmake --install /home/matteo/ros2_ws/build/robotarm_description
[0.161s] -- Install configuration: ""
[0.164s] -- Up-to-date: /home/matteo/ros2_ws/install/robotarm_description/share/ament_index/resource_index/package_run_dependencies/robotarm_description
[0.164s] -- Up-to-date: /home/matteo/ros2_ws/install/robotarm_description/share/ament_index/resource_index/parent_prefix_path/robotarm_description
[0.164s] -- Up-to-date: /home/matteo/ros2_ws/install/robotarm_description/share/robotarm_description/environment/ament_prefix_path.sh
[0.164s] -- Up-to-date: /home/matteo/ros2_ws/install/robotarm_description/share/robotarm_description/environment/ament_prefix_path.dsv
[0.164s] -- Up-to-date: /home/matteo/ros2_ws/install/robotarm_description/share/robotarm_description/environment/path.sh
[0.164s] -- Up-to-date: /home/matteo/ros2_ws/install/robotarm_description/share/robotarm_description/environment/path.dsv
[0.164s] -- Up-to-date: /home/matteo/ros2_ws/install/robotarm_description/share/robotarm_description/local_setup.bash
[0.164s] -- Up-to-date: /home/matteo/ros2_ws/install/robotarm_description/share/robotarm_description/local_setup.sh
[0.164s] -- Up-to-date: /home/matteo/ros2_ws/install/robotarm_description/share/robotarm_description/local_setup.zsh
[0.166s] -- Up-to-date: /home/matteo/ros2_ws/install/robotarm_description/share/robotarm_description/local_setup.dsv
[0.167s] -- Up-to-date: /home/matteo/ros2_ws/install/robotarm_description/share/robotarm_description/package.dsv
[0.167s] -- Up-to-date: /home/matteo/ros2_ws/install/robotarm_description/share/ament_index/resource_index/packages/robotarm_description
[0.167s] -- Up-to-date: /home/matteo/ros2_ws/install/robotarm_description/share/robotarm_description/cmake/robotarm_descriptionConfig.cmake
[0.167s] -- Up-to-date: /home/matteo/ros2_ws/install/robotarm_description/share/robotarm_description/cmake/robotarm_descriptionConfig-version.cmake
[0.167s] -- Up-to-date: /home/matteo/ros2_ws/install/robotarm_description/share/robotarm_description/package.xml
[0.174s] Invoked command in '/home/matteo/ros2_ws/build/robotarm_description' returned '0': CMAKE_PREFIX_PATH=${CMAKE_PREFIX_PATH}:/opt/ros/jazzy DEBUGINFOD_URLS=https://debuginfod.ubuntu.com /usr/bin/cmake --install /home/matteo/ros2_ws/build/robotarm_description
