[0.014s] Invoking command in '/home/matteo/ros2_ws/build/robotarm_description': CMAKE_PREFIX_PATH=${CMAKE_PREFIX_PATH}:/opt/ros/jazzy DEBUGINFOD_URLS=https://debuginfod.ubuntu.com /usr/bin/cmake --build /home/matteo/ros2_ws/build/robotarm_description -- -j7 -l7
[0.043s] -- Found ament_cmake: 2.5.4 (/opt/ros/jazzy/share/ament_cmake/cmake)
[0.217s] -- Configuring incomplete, errors occurred!
[0.217s] [31mCMake Error at CMakeLists.txt:10 (find_package):
[0.217s]   By not providing "FindBase_shouler_forearm_comined.urdf.cmake" in
[0.217s]   CMAKE_MODULE_PATH this project has asked CMake to find a package
[0.217s]   configuration file provided by "Base_shouler_forearm_comined.urdf", but
[0.217s]   CMake did not find one.
[0.217s] 
[0.217s]   Could not find a package configuration file provided by
[0.217s]   "Base_shouler_forearm_comined.urdf" with any of the following names:
[0.217s] 
[0.217s]     Base_shouler_forearm_comined.urdfConfig.cmake
[0.217s]     base_shouler_forearm_comined.urdf-config.cmake
[0.217s] 
[0.217s]   Add the installation prefix of "Base_shouler_forearm_comined.urdf" to
[0.217s]   CMAKE_PREFIX_PATH or set "Base_shouler_forearm_comined.urdf_DIR" to a
[0.217s]   directory containing one of the above files.  If
[0.217s]   "Base_shouler_forearm_comined.urdf" provides a separate development package
[0.217s]   or SDK, be sure it has been installed.
[0.217s] 
[0.217s] [0m
[0.221s] gmake: *** [Makefile:226: cmake_check_build_system] Error 1
[0.225s] Invoked command in '/home/matteo/ros2_ws/build/robotarm_description' returned '2': CMAKE_PREFIX_PATH=${CMAKE_PREFIX_PATH}:/opt/ros/jazzy DEBUGINFOD_URLS=https://debuginfod.ubuntu.com /usr/bin/cmake --build /home/matteo/ros2_ws/build/robotarm_description -- -j7 -l7
