[0.005s] Invoking command in '/home/matteo/ros2_ws/build/robotarm_ros2': CMAKE_PREFIX_PATH=/home/matteo/ros2_ws/install/robotarm_description:/home/matteo/ros2_ws/install/ros2_robotarm:/home/matteo/ros2_ws/install/robotarm_ros2:/opt/ros/jazzy/opt/gz_math_vendor:/opt/ros/jazzy/opt/gz_utils_vendor:/opt/ros/jazzy/opt/gz_cmake_vendor:/opt/ros/jazzy DEBUGINFOD_URLS=https://debuginfod.ubuntu.com /usr/bin/cmake --build /home/matteo/ros2_ws/build/robotarm_ros2 -- -j7 -l7
[0.059s] Invoked command in '/home/matteo/ros2_ws/build/robotarm_ros2' returned '0': CMAKE_PREFIX_PATH=/home/matteo/ros2_ws/install/robotarm_description:/home/matteo/ros2_ws/install/ros2_robotarm:/home/matteo/ros2_ws/install/robotarm_ros2:/opt/ros/jazzy/opt/gz_math_vendor:/opt/ros/jazzy/opt/gz_utils_vendor:/opt/ros/jazzy/opt/gz_cmake_vendor:/opt/ros/jazzy DEBUGINFOD_URLS=https://debuginfod.ubuntu.com /usr/bin/cmake --build /home/matteo/ros2_ws/build/robotarm_ros2 -- -j7 -l7
[0.059s] Invoking command in '/home/matteo/ros2_ws/build/robotarm_ros2': CMAKE_PREFIX_PATH=/home/matteo/ros2_ws/install/robotarm_description:/home/matteo/ros2_ws/install/ros2_robotarm:/home/matteo/ros2_ws/install/robotarm_ros2:/opt/ros/jazzy/opt/gz_math_vendor:/opt/ros/jazzy/opt/gz_utils_vendor:/opt/ros/jazzy/opt/gz_cmake_vendor:/opt/ros/jazzy DEBUGINFOD_URLS=https://debuginfod.ubuntu.com /usr/bin/cmake --install /home/matteo/ros2_ws/build/robotarm_ros2
[0.073s] -- Install configuration: ""
[0.073s] -- Up-to-date: /home/matteo/ros2_ws/install/robotarm_ros2/share/ament_index/resource_index/package_run_dependencies/robotarm_ros2
[0.073s] -- Up-to-date: /home/matteo/ros2_ws/install/robotarm_ros2/share/ament_index/resource_index/parent_prefix_path/robotarm_ros2
[0.073s] -- Up-to-date: /home/matteo/ros2_ws/install/robotarm_ros2/share/robotarm_ros2/environment/ament_prefix_path.sh
[0.073s] -- Up-to-date: /home/matteo/ros2_ws/install/robotarm_ros2/share/robotarm_ros2/environment/ament_prefix_path.dsv
[0.073s] -- Up-to-date: /home/matteo/ros2_ws/install/robotarm_ros2/share/robotarm_ros2/environment/path.sh
[0.073s] -- Up-to-date: /home/matteo/ros2_ws/install/robotarm_ros2/share/robotarm_ros2/environment/path.dsv
[0.073s] -- Up-to-date: /home/matteo/ros2_ws/install/robotarm_ros2/share/robotarm_ros2/local_setup.bash
[0.073s] -- Up-to-date: /home/matteo/ros2_ws/install/robotarm_ros2/share/robotarm_ros2/local_setup.sh
[0.073s] -- Up-to-date: /home/matteo/ros2_ws/install/robotarm_ros2/share/robotarm_ros2/local_setup.zsh
[0.073s] -- Up-to-date: /home/matteo/ros2_ws/install/robotarm_ros2/share/robotarm_ros2/local_setup.dsv
[0.073s] -- Installing: /home/matteo/ros2_ws/install/robotarm_ros2/share/robotarm_ros2/package.dsv
[0.073s] -- Up-to-date: /home/matteo/ros2_ws/install/robotarm_ros2/share/ament_index/resource_index/packages/robotarm_ros2
[0.073s] -- Up-to-date: /home/matteo/ros2_ws/install/robotarm_ros2/share/robotarm_ros2/cmake/robotarm_ros2Config.cmake
[0.073s] -- Up-to-date: /home/matteo/ros2_ws/install/robotarm_ros2/share/robotarm_ros2/cmake/robotarm_ros2Config-version.cmake
[0.073s] -- Up-to-date: /home/matteo/ros2_ws/install/robotarm_ros2/share/robotarm_ros2/package.xml
[0.078s] Invoked command in '/home/matteo/ros2_ws/build/robotarm_ros2' returned '0': CMAKE_PREFIX_PATH=/home/matteo/ros2_ws/install/robotarm_description:/home/matteo/ros2_ws/install/ros2_robotarm:/home/matteo/ros2_ws/install/robotarm_ros2:/opt/ros/jazzy/opt/gz_math_vendor:/opt/ros/jazzy/opt/gz_utils_vendor:/opt/ros/jazzy/opt/gz_cmake_vendor:/opt/ros/jazzy DEBUGINFOD_URLS=https://debuginfod.ubuntu.com /usr/bin/cmake --install /home/matteo/ros2_ws/build/robotarm_ros2
