[0.018s] Invoking command in '/home/matteo/ros2_ws/build/ros2_robotarm': CMAKE_PREFIX_PATH=${CMAKE_PREFIX_PATH}:/opt/ros/jazzy DEBUGINFOD_URLS=https://debuginfod.ubuntu.com /usr/bin/cmake --build /home/matteo/ros2_ws/build/ros2_robotarm -- -j7 -l7
[0.057s] Invoked command in '/home/matteo/ros2_ws/build/ros2_robotarm' returned '0': CMAKE_PREFIX_PATH=${CMAKE_PREFIX_PATH}:/opt/ros/jazzy DEBUGINFOD_URLS=https://debuginfod.ubuntu.com /usr/bin/cmake --build /home/matteo/ros2_ws/build/ros2_robotarm -- -j7 -l7
[0.067s] Invoking command in '/home/matteo/ros2_ws/build/ros2_robotarm': CMAKE_PREFIX_PATH=${CMAKE_PREFIX_PATH}:/opt/ros/jazzy DEBUGINFOD_URLS=https://debuginfod.ubuntu.com /usr/bin/cmake --install /home/matteo/ros2_ws/build/ros2_robotarm
[0.075s] -- Install configuration: ""
[0.075s] -- Up-to-date: /home/matteo/ros2_ws/install/ros2_robotarm/share/ament_index/resource_index/package_run_dependencies/ros2_robotarm
[0.075s] -- Up-to-date: /home/matteo/ros2_ws/install/ros2_robotarm/share/ament_index/resource_index/parent_prefix_path/ros2_robotarm
[0.075s] -- Up-to-date: /home/matteo/ros2_ws/install/ros2_robotarm/share/ros2_robotarm/environment/ament_prefix_path.sh
[0.075s] -- Up-to-date: /home/matteo/ros2_ws/install/ros2_robotarm/share/ros2_robotarm/environment/ament_prefix_path.dsv
[0.075s] -- Up-to-date: /home/matteo/ros2_ws/install/ros2_robotarm/share/ros2_robotarm/environment/path.sh
[0.075s] -- Up-to-date: /home/matteo/ros2_ws/install/ros2_robotarm/share/ros2_robotarm/environment/path.dsv
[0.075s] -- Up-to-date: /home/matteo/ros2_ws/install/ros2_robotarm/share/ros2_robotarm/local_setup.bash
[0.075s] -- Up-to-date: /home/matteo/ros2_ws/install/ros2_robotarm/share/ros2_robotarm/local_setup.sh
[0.075s] -- Up-to-date: /home/matteo/ros2_ws/install/ros2_robotarm/share/ros2_robotarm/local_setup.zsh
[0.075s] -- Up-to-date: /home/matteo/ros2_ws/install/ros2_robotarm/share/ros2_robotarm/local_setup.dsv
[0.075s] -- Up-to-date: /home/matteo/ros2_ws/install/ros2_robotarm/share/ros2_robotarm/package.dsv
[0.075s] -- Up-to-date: /home/matteo/ros2_ws/install/ros2_robotarm/share/ament_index/resource_index/packages/ros2_robotarm
[0.075s] -- Up-to-date: /home/matteo/ros2_ws/install/ros2_robotarm/share/ros2_robotarm/cmake/ros2_robotarmConfig.cmake
[0.075s] -- Up-to-date: /home/matteo/ros2_ws/install/ros2_robotarm/share/ros2_robotarm/cmake/ros2_robotarmConfig-version.cmake
[0.075s] -- Up-to-date: /home/matteo/ros2_ws/install/ros2_robotarm/share/ros2_robotarm/package.xml
[0.077s] Invoked command in '/home/matteo/ros2_ws/build/ros2_robotarm' returned '0': CMAKE_PREFIX_PATH=${CMAKE_PREFIX_PATH}:/opt/ros/jazzy DEBUGINFOD_URLS=https://debuginfod.ubuntu.com /usr/bin/cmake --install /home/matteo/ros2_ws/build/ros2_robotarm
