[0.062s] Invoking command in '/home/matteo/ros2_ws/build/robotarm_description': CMAKE_PREFIX_PATH=${CMAKE_PREFIX_PATH}:/opt/ros/jazzy DEBUGINFOD_URLS=https://debuginfod.ubuntu.com /usr/bin/cmake --build /home/matteo/ros2_ws/build/robotarm_description -- -j7 -l7
[0.106s] -- Found ament_cmake: 2.5.4 (/opt/ros/jazzy/share/ament_cmake/cmake)
[0.457s] -- Found urdf_tutorial: 1.1.0 (/opt/ros/jazzy/share/urdf_tutorial/cmake)
[0.457s] -- Found ament_lint_auto: 0.17.3 (/opt/ros/jazzy/share/ament_lint_auto/cmake)
[0.474s] -- Added test 'lint_cmake' to check CMake code style
[0.480s] -- Added test 'xmllint' to check XML markup files
[0.483s] -- Configuring done (0.4s)
[0.501s] -- Generating done (0.0s)
[0.504s] -- Build files have been written to: /home/matteo/ros2_ws/build/robotarm_description
[0.628s] Invoked command in '/home/matteo/ros2_ws/build/robotarm_description' returned '0': CMAKE_PREFIX_PATH=${CMAKE_PREFIX_PATH}:/opt/ros/jazzy DEBUGINFOD_URLS=https://debuginfod.ubuntu.com /usr/bin/cmake --build /home/matteo/ros2_ws/build/robotarm_description -- -j7 -l7
[0.638s] Invoking command in '/home/matteo/ros2_ws/build/robotarm_description': CMAKE_PREFIX_PATH=${CMAKE_PREFIX_PATH}:/opt/ros/jazzy DEBUGINFOD_URLS=https://debuginfod.ubuntu.com /usr/bin/cmake --install /home/matteo/ros2_ws/build/robotarm_description
[0.651s] -- Install configuration: ""
[0.651s] -- Up-to-date: /home/matteo/ros2_ws/install/robotarm_description/share/robotarm_description/launch
[0.651s] -- Up-to-date: /home/matteo/ros2_ws/install/robotarm_description/share/robotarm_description/meshes
[0.655s] -- Up-to-date: /home/matteo/ros2_ws/install/robotarm_description/share/robotarm_description/meshes/Link_2_colision.STL
[0.655s] -- Up-to-date: /home/matteo/ros2_ws/install/robotarm_description/share/robotarm_description/meshes/base_link_colision.STL
[0.655s] -- Up-to-date: /home/matteo/ros2_ws/install/robotarm_description/share/robotarm_description/meshes/Link_4.STL
[0.655s] -- Up-to-date: /home/matteo/ros2_ws/install/robotarm_description/share/robotarm_description/meshes/Link_3_colision.STL
[0.655s] -- Up-to-date: /home/matteo/ros2_ws/install/robotarm_description/share/robotarm_description/meshes/Link_4_colision.STL
[0.655s] -- Up-to-date: /home/matteo/ros2_ws/install/robotarm_description/share/robotarm_description/meshes/Link_3.STL
[0.655s] -- Up-to-date: /home/matteo/ros2_ws/install/robotarm_description/share/robotarm_description/meshes/Link_1_colision.STL
[0.655s] -- Up-to-date: /home/matteo/ros2_ws/install/robotarm_description/share/robotarm_description/meshes/base_link.STL
[0.655s] -- Up-to-date: /home/matteo/ros2_ws/install/robotarm_description/share/robotarm_description/meshes/Link_1.STL
[0.655s] -- Up-to-date: /home/matteo/ros2_ws/install/robotarm_description/share/robotarm_description/meshes/Link_2.STL
[0.655s] -- Up-to-date: /home/matteo/ros2_ws/install/robotarm_description/share/robotarm_description/urdf
[0.655s] -- Up-to-date: /home/matteo/ros2_ws/install/robotarm_description/share/robotarm_description/urdf/Base_shoulder_forearm_comined.csv
[0.655s] -- Up-to-date: /home/matteo/ros2_ws/install/robotarm_description/share/robotarm_description/urdf/mech
[0.655s] -- Up-to-date: /home/matteo/ros2_ws/install/robotarm_description/share/robotarm_description/urdf/model.config
[0.655s] -- Up-to-date: /home/matteo/ros2_ws/install/robotarm_description/share/robotarm_description/urdf/robots
[0.655s] -- Up-to-date: /home/matteo/ros2_ws/install/robotarm_description/share/robotarm_description/urdf/robots/Base_shoulder_forearm_comined.urdf
[0.655s] -- Up-to-date: /home/matteo/ros2_ws/install/robotarm_description/share/robotarm_description/urdf/sensors
[0.655s] -- Up-to-date: /home/matteo/ros2_ws/install/robotarm_description/share/robotarm_description/urdf/control
[0.655s] [31mCMake Error at cmake_install.cmake:46 (file):
[0.655s]   file INSTALL cannot find
[0.655s]   "/home/matteo/ros2_ws/src/robotarm_ros2/robotarm_description/rviz": No such
[0.655s]   file or directory.
[0.655s] 
[0.655s] [0m
[0.660s] Invoked command in '/home/matteo/ros2_ws/build/robotarm_description' returned '1': CMAKE_PREFIX_PATH=${CMAKE_PREFIX_PATH}:/opt/ros/jazzy DEBUGINFOD_URLS=https://debuginfod.ubuntu.com /usr/bin/cmake --install /home/matteo/ros2_ws/build/robotarm_description
