[0.153s] DEBUG:colcon:Command line arguments: ['/usr/bin/colcon', 'build']
[0.153s] DEBUG:colcon:Parsed command line arguments: Namespace(log_base=None, log_level=None, verb_name='build', build_base='build', install_base='install', merge_install=False, symlink_install=False, test_result_base=None, continue_on_error=False, executor='parallel', parallel_workers=7, event_handlers=None, ignore_user_meta=False, metas=['./colcon.meta'], base_paths=['.'], packages_ignore=None, packages_ignore_regex=None, paths=None, packages_up_to=None, packages_up_to_regex=None, packages_above=None, packages_above_and_dependencies=None, packages_above_depth=None, packages_select_by_dep=None, packages_skip_by_dep=None, packages_skip_up_to=None, packages_select_build_failed=False, packages_skip_build_finished=False, packages_select_test_failures=False, packages_skip_test_passed=False, packages_select=None, packages_skip=None, packages_select_regex=None, packages_skip_regex=None, packages_start=None, packages_end=None, allow_overriding=[], cmake_args=None, cmake_target=None, cmake_target_skip_unavailable=False, cmake_clean_cache=False, cmake_clean_first=False, cmake_force_configure=False, ament_cmake_args=None, catkin_cmake_args=None, catkin_skip_building_tests=False, mixin_files=None, mixin=None, verb_parser=<colcon_mixin.mixin.mixin_argument.MixinArgumentDecorator object at 0x7a6f64c774a0>, verb_extension=<colcon_core.verb.build.BuildVerb object at 0x7a6f64d9fc20>, main=<bound method BuildVerb.main of <colcon_core.verb.build.BuildVerb object at 0x7a6f64d9fc20>>, mixin_verb=('build',))
[0.198s] Level 1:colcon.colcon_core.package_discovery:discover_packages(colcon_meta) check parameters
[0.198s] Level 1:colcon.colcon_core.package_discovery:discover_packages(recursive) check parameters
[0.198s] Level 1:colcon.colcon_core.package_discovery:discover_packages(ignore) check parameters
[0.198s] Level 1:colcon.colcon_core.package_discovery:discover_packages(path) check parameters
[0.198s] Level 1:colcon.colcon_core.package_discovery:discover_packages(colcon_meta) discover
[0.198s] Level 1:colcon.colcon_core.package_discovery:discover_packages(recursive) discover
[0.198s] INFO:colcon.colcon_core.package_discovery:Crawling recursively for packages in '/home/matteo/ros2_ws'
[0.198s] Level 1:colcon.colcon_core.package_identification:_identify(.) by extensions ['ignore', 'ignore_ament_install']
[0.198s] Level 1:colcon.colcon_core.package_identification:_identify(.) by extension 'ignore'
[0.198s] Level 1:colcon.colcon_core.package_identification:_identify(.) by extension 'ignore_ament_install'
[0.202s] Level 1:colcon.colcon_core.package_identification:_identify(.) by extensions ['colcon_pkg']
[0.203s] Level 1:colcon.colcon_core.package_identification:_identify(.) by extension 'colcon_pkg'
[0.203s] Level 1:colcon.colcon_core.package_identification:_identify(.) by extensions ['colcon_meta']
[0.203s] Level 1:colcon.colcon_core.package_identification:_identify(.) by extension 'colcon_meta'
[0.203s] Level 1:colcon.colcon_core.package_identification:_identify(.) by extensions ['ros']
[0.203s] Level 1:colcon.colcon_core.package_identification:_identify(.) by extension 'ros'
[0.231s] Level 1:colcon.colcon_core.package_identification:_identify(.) by extensions ['cmake', 'python']
[0.231s] Level 1:colcon.colcon_core.package_identification:_identify(.) by extension 'cmake'
[0.231s] Level 1:colcon.colcon_core.package_identification:_identify(.) by extension 'python'
[0.231s] Level 1:colcon.colcon_core.package_identification:_identify(.) by extensions ['python_setup_py']
[0.231s] Level 1:colcon.colcon_core.package_identification:_identify(.) by extension 'python_setup_py'
[0.231s] Level 1:colcon.colcon_core.package_identification:_identify(build) by extensions ['ignore', 'ignore_ament_install']
[0.231s] Level 1:colcon.colcon_core.package_identification:_identify(build) by extension 'ignore'
[0.231s] Level 1:colcon.colcon_core.package_identification:_identify(build) ignored
[0.232s] Level 1:colcon.colcon_core.package_identification:_identify(install) by extensions ['ignore', 'ignore_ament_install']
[0.232s] Level 1:colcon.colcon_core.package_identification:_identify(install) by extension 'ignore'
[0.232s] Level 1:colcon.colcon_core.package_identification:_identify(install) ignored
[0.232s] Level 1:colcon.colcon_core.package_identification:_identify(log) by extensions ['ignore', 'ignore_ament_install']
[0.232s] Level 1:colcon.colcon_core.package_identification:_identify(log) by extension 'ignore'
[0.232s] Level 1:colcon.colcon_core.package_identification:_identify(log) ignored
[0.232s] Level 1:colcon.colcon_core.package_identification:_identify(src) by extensions ['ignore', 'ignore_ament_install']
[0.232s] Level 1:colcon.colcon_core.package_identification:_identify(src) by extension 'ignore'
[0.232s] Level 1:colcon.colcon_core.package_identification:_identify(src) by extension 'ignore_ament_install'
[0.232s] Level 1:colcon.colcon_core.package_identification:_identify(src) by extensions ['colcon_pkg']
[0.232s] Level 1:colcon.colcon_core.package_identification:_identify(src) by extension 'colcon_pkg'
[0.232s] Level 1:colcon.colcon_core.package_identification:_identify(src) by extensions ['colcon_meta']
[0.232s] Level 1:colcon.colcon_core.package_identification:_identify(src) by extension 'colcon_meta'
[0.232s] Level 1:colcon.colcon_core.package_identification:_identify(src) by extensions ['ros']
[0.232s] Level 1:colcon.colcon_core.package_identification:_identify(src) by extension 'ros'
[0.232s] Level 1:colcon.colcon_core.package_identification:_identify(src) by extensions ['cmake', 'python']
[0.232s] Level 1:colcon.colcon_core.package_identification:_identify(src) by extension 'cmake'
[0.232s] Level 1:colcon.colcon_core.package_identification:_identify(src) by extension 'python'
[0.232s] Level 1:colcon.colcon_core.package_identification:_identify(src) by extensions ['python_setup_py']
[0.232s] Level 1:colcon.colcon_core.package_identification:_identify(src) by extension 'python_setup_py'
[0.232s] Level 1:colcon.colcon_core.package_identification:_identify(src/robotarm_ros2) by extensions ['ignore', 'ignore_ament_install']
[0.232s] Level 1:colcon.colcon_core.package_identification:_identify(src/robotarm_ros2) by extension 'ignore'
[0.232s] Level 1:colcon.colcon_core.package_identification:_identify(src/robotarm_ros2) by extension 'ignore_ament_install'
[0.232s] Level 1:colcon.colcon_core.package_identification:_identify(src/robotarm_ros2) by extensions ['colcon_pkg']
[0.232s] Level 1:colcon.colcon_core.package_identification:_identify(src/robotarm_ros2) by extension 'colcon_pkg'
[0.232s] Level 1:colcon.colcon_core.package_identification:_identify(src/robotarm_ros2) by extensions ['colcon_meta']
[0.232s] Level 1:colcon.colcon_core.package_identification:_identify(src/robotarm_ros2) by extension 'colcon_meta'
[0.232s] Level 1:colcon.colcon_core.package_identification:_identify(src/robotarm_ros2) by extensions ['ros']
[0.232s] Level 1:colcon.colcon_core.package_identification:_identify(src/robotarm_ros2) by extension 'ros'
[0.232s] Level 1:colcon.colcon_core.package_identification:_identify(src/robotarm_ros2) by extensions ['cmake', 'python']
[0.232s] Level 1:colcon.colcon_core.package_identification:_identify(src/robotarm_ros2) by extension 'cmake'
[0.232s] Level 1:colcon.colcon_core.package_identification:_identify(src/robotarm_ros2) by extension 'python'
[0.232s] Level 1:colcon.colcon_core.package_identification:_identify(src/robotarm_ros2) by extensions ['python_setup_py']
[0.232s] Level 1:colcon.colcon_core.package_identification:_identify(src/robotarm_ros2) by extension 'python_setup_py'
[0.232s] Level 1:colcon.colcon_core.package_identification:_identify(src/robotarm_ros2/robotarm_description) by extensions ['ignore', 'ignore_ament_install']
[0.232s] Level 1:colcon.colcon_core.package_identification:_identify(src/robotarm_ros2/robotarm_description) by extension 'ignore'
[0.232s] Level 1:colcon.colcon_core.package_identification:_identify(src/robotarm_ros2/robotarm_description) by extension 'ignore_ament_install'
[0.232s] Level 1:colcon.colcon_core.package_identification:_identify(src/robotarm_ros2/robotarm_description) by extensions ['colcon_pkg']
[0.232s] Level 1:colcon.colcon_core.package_identification:_identify(src/robotarm_ros2/robotarm_description) by extension 'colcon_pkg'
[0.232s] Level 1:colcon.colcon_core.package_identification:_identify(src/robotarm_ros2/robotarm_description) by extensions ['colcon_meta']
[0.232s] Level 1:colcon.colcon_core.package_identification:_identify(src/robotarm_ros2/robotarm_description) by extension 'colcon_meta'
[0.232s] Level 1:colcon.colcon_core.package_identification:_identify(src/robotarm_ros2/robotarm_description) by extensions ['ros']
[0.232s] Level 1:colcon.colcon_core.package_identification:_identify(src/robotarm_ros2/robotarm_description) by extension 'ros'
[0.232s] DEBUG:colcon.colcon_core.package_identification:Package 'src/robotarm_ros2/robotarm_description' with type 'ros.ament_cmake' and name 'robotarm_description'
[0.232s] Level 1:colcon.colcon_core.package_identification:_identify(src/robotarm_ros2/robotarm_ros2) by extensions ['ignore', 'ignore_ament_install']
[0.232s] Level 1:colcon.colcon_core.package_identification:_identify(src/robotarm_ros2/robotarm_ros2) by extension 'ignore'
[0.232s] Level 1:colcon.colcon_core.package_identification:_identify(src/robotarm_ros2/robotarm_ros2) by extension 'ignore_ament_install'
[0.232s] Level 1:colcon.colcon_core.package_identification:_identify(src/robotarm_ros2/robotarm_ros2) by extensions ['colcon_pkg']
[0.232s] Level 1:colcon.colcon_core.package_identification:_identify(src/robotarm_ros2/robotarm_ros2) by extension 'colcon_pkg'
[0.232s] Level 1:colcon.colcon_core.package_identification:_identify(src/robotarm_ros2/robotarm_ros2) by extensions ['colcon_meta']
[0.232s] Level 1:colcon.colcon_core.package_identification:_identify(src/robotarm_ros2/robotarm_ros2) by extension 'colcon_meta'
[0.232s] Level 1:colcon.colcon_core.package_identification:_identify(src/robotarm_ros2/robotarm_ros2) by extensions ['ros']
[0.232s] Level 1:colcon.colcon_core.package_identification:_identify(src/robotarm_ros2/robotarm_ros2) by extension 'ros'
[0.236s] DEBUG:colcon.colcon_core.package_identification:Package 'src/robotarm_ros2/robotarm_ros2' with type 'ros.ament_cmake' and name 'robotarm_ros2'
[0.236s] Level 1:colcon.colcon_core.package_identification:_identify(src/ros2_robotarm) by extensions ['ignore', 'ignore_ament_install']
[0.236s] Level 1:colcon.colcon_core.package_identification:_identify(src/ros2_robotarm) by extension 'ignore'
[0.237s] Level 1:colcon.colcon_core.package_identification:_identify(src/ros2_robotarm) by extension 'ignore_ament_install'
[0.237s] Level 1:colcon.colcon_core.package_identification:_identify(src/ros2_robotarm) by extensions ['colcon_pkg']
[0.237s] Level 1:colcon.colcon_core.package_identification:_identify(src/ros2_robotarm) by extension 'colcon_pkg'
[0.237s] Level 1:colcon.colcon_core.package_identification:_identify(src/ros2_robotarm) by extensions ['colcon_meta']
[0.237s] Level 1:colcon.colcon_core.package_identification:_identify(src/ros2_robotarm) by extension 'colcon_meta'
[0.237s] Level 1:colcon.colcon_core.package_identification:_identify(src/ros2_robotarm) by extensions ['ros']
[0.237s] Level 1:colcon.colcon_core.package_identification:_identify(src/ros2_robotarm) by extension 'ros'
[0.237s] DEBUG:colcon.colcon_core.package_identification:Package 'src/ros2_robotarm' with type 'ros.ament_cmake' and name 'ros2_robotarm'
[0.237s] Level 1:colcon.colcon_core.package_discovery:discover_packages(recursive) using defaults
[0.237s] Level 1:colcon.colcon_core.package_discovery:discover_packages(ignore) discover
[0.237s] Level 1:colcon.colcon_core.package_discovery:discover_packages(ignore) using defaults
[0.237s] Level 1:colcon.colcon_core.package_discovery:discover_packages(path) discover
[0.237s] Level 1:colcon.colcon_core.package_discovery:discover_packages(path) using defaults
[0.253s] Level 1:colcon.colcon_core.package_discovery:discover_packages(prefix_path) check parameters
[0.253s] Level 1:colcon.colcon_core.package_discovery:discover_packages(prefix_path) discover
[0.255s] DEBUG:colcon.colcon_installed_package_information.package_discovery:Found 285 installed packages in /opt/ros/jazzy
[0.255s] Level 1:colcon.colcon_core.package_discovery:discover_packages(prefix_path) using defaults
[0.317s] Level 5:colcon.colcon_core.verb:set package 'robotarm_description' build argument 'cmake_args' from command line to 'None'
[0.317s] Level 5:colcon.colcon_core.verb:set package 'robotarm_description' build argument 'cmake_target' from command line to 'None'
[0.318s] Level 5:colcon.colcon_core.verb:set package 'robotarm_description' build argument 'cmake_target_skip_unavailable' from command line to 'False'
[0.318s] Level 5:colcon.colcon_core.verb:set package 'robotarm_description' build argument 'cmake_clean_cache' from command line to 'False'
[0.318s] Level 5:colcon.colcon_core.verb:set package 'robotarm_description' build argument 'cmake_clean_first' from command line to 'False'
[0.318s] Level 5:colcon.colcon_core.verb:set package 'robotarm_description' build argument 'cmake_force_configure' from command line to 'False'
[0.318s] Level 5:colcon.colcon_core.verb:set package 'robotarm_description' build argument 'ament_cmake_args' from command line to 'None'
[0.318s] Level 5:colcon.colcon_core.verb:set package 'robotarm_description' build argument 'catkin_cmake_args' from command line to 'None'
[0.318s] Level 5:colcon.colcon_core.verb:set package 'robotarm_description' build argument 'catkin_skip_building_tests' from command line to 'False'
[0.318s] DEBUG:colcon.colcon_core.verb:Building package 'robotarm_description' with the following arguments: {'ament_cmake_args': None, 'build_base': '/home/matteo/ros2_ws/build/robotarm_description', 'catkin_cmake_args': None, 'catkin_skip_building_tests': False, 'cmake_args': None, 'cmake_clean_cache': False, 'cmake_clean_first': False, 'cmake_force_configure': False, 'cmake_target': None, 'cmake_target_skip_unavailable': False, 'install_base': '/home/matteo/ros2_ws/install/robotarm_description', 'merge_install': False, 'path': '/home/matteo/ros2_ws/src/robotarm_ros2/robotarm_description', 'symlink_install': False, 'test_result_base': None}
[0.318s] Level 5:colcon.colcon_core.verb:set package 'ros2_robotarm' build argument 'cmake_args' from command line to 'None'
[0.318s] Level 5:colcon.colcon_core.verb:set package 'ros2_robotarm' build argument 'cmake_target' from command line to 'None'
[0.319s] Level 5:colcon.colcon_core.verb:set package 'ros2_robotarm' build argument 'cmake_target_skip_unavailable' from command line to 'False'
[0.319s] Level 5:colcon.colcon_core.verb:set package 'ros2_robotarm' build argument 'cmake_clean_cache' from command line to 'False'
[0.319s] Level 5:colcon.colcon_core.verb:set package 'ros2_robotarm' build argument 'cmake_clean_first' from command line to 'False'
[0.319s] Level 5:colcon.colcon_core.verb:set package 'ros2_robotarm' build argument 'cmake_force_configure' from command line to 'False'
[0.319s] Level 5:colcon.colcon_core.verb:set package 'ros2_robotarm' build argument 'ament_cmake_args' from command line to 'None'
[0.319s] Level 5:colcon.colcon_core.verb:set package 'ros2_robotarm' build argument 'catkin_cmake_args' from command line to 'None'
[0.319s] Level 5:colcon.colcon_core.verb:set package 'ros2_robotarm' build argument 'catkin_skip_building_tests' from command line to 'False'
[0.319s] DEBUG:colcon.colcon_core.verb:Building package 'ros2_robotarm' with the following arguments: {'ament_cmake_args': None, 'build_base': '/home/matteo/ros2_ws/build/ros2_robotarm', 'catkin_cmake_args': None, 'catkin_skip_building_tests': False, 'cmake_args': None, 'cmake_clean_cache': False, 'cmake_clean_first': False, 'cmake_force_configure': False, 'cmake_target': None, 'cmake_target_skip_unavailable': False, 'install_base': '/home/matteo/ros2_ws/install/ros2_robotarm', 'merge_install': False, 'path': '/home/matteo/ros2_ws/src/ros2_robotarm', 'symlink_install': False, 'test_result_base': None}
[0.319s] Level 5:colcon.colcon_core.verb:set package 'robotarm_ros2' build argument 'cmake_args' from command line to 'None'
[0.319s] Level 5:colcon.colcon_core.verb:set package 'robotarm_ros2' build argument 'cmake_target' from command line to 'None'
[0.319s] Level 5:colcon.colcon_core.verb:set package 'robotarm_ros2' build argument 'cmake_target_skip_unavailable' from command line to 'False'
[0.319s] Level 5:colcon.colcon_core.verb:set package 'robotarm_ros2' build argument 'cmake_clean_cache' from command line to 'False'
[0.319s] Level 5:colcon.colcon_core.verb:set package 'robotarm_ros2' build argument 'cmake_clean_first' from command line to 'False'
[0.319s] Level 5:colcon.colcon_core.verb:set package 'robotarm_ros2' build argument 'cmake_force_configure' from command line to 'False'
[0.319s] Level 5:colcon.colcon_core.verb:set package 'robotarm_ros2' build argument 'ament_cmake_args' from command line to 'None'
[0.320s] Level 5:colcon.colcon_core.verb:set package 'robotarm_ros2' build argument 'catkin_cmake_args' from command line to 'None'
[0.320s] Level 5:colcon.colcon_core.verb:set package 'robotarm_ros2' build argument 'catkin_skip_building_tests' from command line to 'False'
[0.320s] DEBUG:colcon.colcon_core.verb:Building package 'robotarm_ros2' with the following arguments: {'ament_cmake_args': None, 'build_base': '/home/matteo/ros2_ws/build/robotarm_ros2', 'catkin_cmake_args': None, 'catkin_skip_building_tests': False, 'cmake_args': None, 'cmake_clean_cache': False, 'cmake_clean_first': False, 'cmake_force_configure': False, 'cmake_target': None, 'cmake_target_skip_unavailable': False, 'install_base': '/home/matteo/ros2_ws/install/robotarm_ros2', 'merge_install': False, 'path': '/home/matteo/ros2_ws/src/robotarm_ros2/robotarm_ros2', 'symlink_install': False, 'test_result_base': None}
[0.320s] INFO:colcon.colcon_core.executor:Executing jobs using 'parallel' executor
[0.322s] DEBUG:colcon.colcon_parallel_executor.executor.parallel:run_until_complete
[0.322s] INFO:colcon.colcon_ros.task.ament_cmake.build:Building ROS package in '/home/matteo/ros2_ws/src/robotarm_ros2/robotarm_description' with build type 'ament_cmake'
[0.322s] INFO:colcon.colcon_cmake.task.cmake.build:Building CMake package in '/home/matteo/ros2_ws/src/robotarm_ros2/robotarm_description'
[0.322s] INFO:colcon.colcon_core.plugin_system:Skipping extension 'colcon_core.shell.bat': Not used on non-Windows systems
[0.322s] INFO:colcon.colcon_core.shell:Skip shell extension 'powershell' for command environment: Not usable outside of PowerShell
[0.322s] DEBUG:colcon.colcon_core.shell:Skip shell extension 'dsv' for command environment
[0.332s] INFO:colcon.colcon_ros.task.ament_cmake.build:Building ROS package in '/home/matteo/ros2_ws/src/ros2_robotarm' with build type 'ament_cmake'
[0.332s] INFO:colcon.colcon_cmake.task.cmake.build:Building CMake package in '/home/matteo/ros2_ws/src/ros2_robotarm'
[0.333s] INFO:colcon.colcon_core.shell:Skip shell extension 'powershell' for command environment: Not usable outside of PowerShell
[0.333s] DEBUG:colcon.colcon_core.shell:Skip shell extension 'dsv' for command environment
[0.346s] DEBUG:colcon.colcon_core.event_handler.log_command:Invoking command in '/home/matteo/ros2_ws/build/robotarm_description': CMAKE_PREFIX_PATH=${CMAKE_PREFIX_PATH}:/opt/ros/jazzy DEBUGINFOD_URLS=https://debuginfod.ubuntu.com /usr/bin/cmake --build /home/matteo/ros2_ws/build/robotarm_description -- -j7 -l7
[0.377s] DEBUG:colcon.colcon_core.event_handler.log_command:Invoking command in '/home/matteo/ros2_ws/build/ros2_robotarm': CMAKE_PREFIX_PATH=${CMAKE_PREFIX_PATH}:/opt/ros/jazzy DEBUGINFOD_URLS=https://debuginfod.ubuntu.com /usr/bin/cmake --build /home/matteo/ros2_ws/build/ros2_robotarm -- -j7 -l7
[0.468s] DEBUG:colcon.colcon_core.event_handler.log_command:Invoked command in '/home/matteo/ros2_ws/build/robotarm_description' returned '0': CMAKE_PREFIX_PATH=${CMAKE_PREFIX_PATH}:/opt/ros/jazzy DEBUGINFOD_URLS=https://debuginfod.ubuntu.com /usr/bin/cmake --build /home/matteo/ros2_ws/build/robotarm_description -- -j7 -l7
[0.484s] DEBUG:colcon.colcon_core.event_handler.log_command:Invoking command in '/home/matteo/ros2_ws/build/robotarm_description': CMAKE_PREFIX_PATH=${CMAKE_PREFIX_PATH}:/opt/ros/jazzy DEBUGINFOD_URLS=https://debuginfod.ubuntu.com /usr/bin/cmake --install /home/matteo/ros2_ws/build/robotarm_description
[0.490s] DEBUG:colcon.colcon_core.event_handler.log_command:Invoked command in '/home/matteo/ros2_ws/build/ros2_robotarm' returned '0': CMAKE_PREFIX_PATH=${CMAKE_PREFIX_PATH}:/opt/ros/jazzy DEBUGINFOD_URLS=https://debuginfod.ubuntu.com /usr/bin/cmake --build /home/matteo/ros2_ws/build/ros2_robotarm -- -j7 -l7
[0.490s] DEBUG:colcon.colcon_core.event_handler.log_command:Invoking command in '/home/matteo/ros2_ws/build/ros2_robotarm': CMAKE_PREFIX_PATH=${CMAKE_PREFIX_PATH}:/opt/ros/jazzy DEBUGINFOD_URLS=https://debuginfod.ubuntu.com /usr/bin/cmake --install /home/matteo/ros2_ws/build/ros2_robotarm
[0.506s] Level 1:colcon.colcon_core.environment:create_environment_scripts_only(robotarm_description)
[0.512s] DEBUG:colcon.colcon_core.event_handler.log_command:Invoked command in '/home/matteo/ros2_ws/build/robotarm_description' returned '0': CMAKE_PREFIX_PATH=${CMAKE_PREFIX_PATH}:/opt/ros/jazzy DEBUGINFOD_URLS=https://debuginfod.ubuntu.com /usr/bin/cmake --install /home/matteo/ros2_ws/build/robotarm_description
[0.512s] Level 1:colcon.colcon_core.environment:checking '/home/matteo/ros2_ws/install/robotarm_description' for CMake module files
[0.512s] Level 1:colcon.colcon_core.environment:checking '/home/matteo/ros2_ws/install/robotarm_description' for CMake config files
[0.512s] Level 1:colcon.colcon_core.shell:create_environment_hook('robotarm_description', 'cmake_prefix_path')
[0.512s] INFO:colcon.colcon_core.shell:Creating environment hook '/home/matteo/ros2_ws/install/robotarm_description/share/robotarm_description/hook/cmake_prefix_path.ps1'
[0.518s] INFO:colcon.colcon_core.shell:Creating environment descriptor '/home/matteo/ros2_ws/install/robotarm_description/share/robotarm_description/hook/cmake_prefix_path.dsv'
[0.519s] INFO:colcon.colcon_core.shell:Creating environment hook '/home/matteo/ros2_ws/install/robotarm_description/share/robotarm_description/hook/cmake_prefix_path.sh'
[0.522s] Level 1:colcon.colcon_core.environment:checking '/home/matteo/ros2_ws/install/robotarm_description/bin'
[0.522s] Level 1:colcon.colcon_core.environment:checking '/home/matteo/ros2_ws/install/robotarm_description/lib/pkgconfig/robotarm_description.pc'
[0.522s] Level 1:colcon.colcon_core.environment:checking '/home/matteo/ros2_ws/install/robotarm_description/lib/python3.12/site-packages'
[0.522s] Level 1:colcon.colcon_core.environment:checking '/home/matteo/ros2_ws/install/robotarm_description/bin'
[0.522s] INFO:colcon.colcon_core.shell:Creating package script '/home/matteo/ros2_ws/install/robotarm_description/share/robotarm_description/package.ps1'
[0.529s] INFO:colcon.colcon_core.shell:Creating package descriptor '/home/matteo/ros2_ws/install/robotarm_description/share/robotarm_description/package.dsv'
[0.530s] INFO:colcon.colcon_core.shell:Creating package script '/home/matteo/ros2_ws/install/robotarm_description/share/robotarm_description/package.sh'
[0.532s] INFO:colcon.colcon_core.shell:Creating package script '/home/matteo/ros2_ws/install/robotarm_description/share/robotarm_description/package.bash'
[0.534s] INFO:colcon.colcon_core.shell:Creating package script '/home/matteo/ros2_ws/install/robotarm_description/share/robotarm_description/package.zsh'
[0.535s] Level 1:colcon.colcon_core.environment:create_file_with_runtime_dependencies(/home/matteo/ros2_ws/install/robotarm_description/share/colcon-core/packages/robotarm_description)
[0.535s] Level 1:colcon.colcon_core.environment:create_environment_scripts_only(robotarm_description)
[0.535s] Level 1:colcon.colcon_core.environment:checking '/home/matteo/ros2_ws/install/robotarm_description' for CMake module files
[0.537s] Level 1:colcon.colcon_core.environment:checking '/home/matteo/ros2_ws/install/robotarm_description' for CMake config files
[0.537s] Level 1:colcon.colcon_core.shell:create_environment_hook('robotarm_description', 'cmake_prefix_path')
[0.537s] INFO:colcon.colcon_core.shell:Creating environment hook '/home/matteo/ros2_ws/install/robotarm_description/share/robotarm_description/hook/cmake_prefix_path.ps1'
[0.537s] INFO:colcon.colcon_core.shell:Creating environment descriptor '/home/matteo/ros2_ws/install/robotarm_description/share/robotarm_description/hook/cmake_prefix_path.dsv'
[0.538s] INFO:colcon.colcon_core.shell:Creating environment hook '/home/matteo/ros2_ws/install/robotarm_description/share/robotarm_description/hook/cmake_prefix_path.sh'
[0.539s] Level 1:colcon.colcon_core.environment:checking '/home/matteo/ros2_ws/install/robotarm_description/bin'
[0.539s] Level 1:colcon.colcon_core.environment:checking '/home/matteo/ros2_ws/install/robotarm_description/lib/pkgconfig/robotarm_description.pc'
[0.539s] Level 1:colcon.colcon_core.environment:checking '/home/matteo/ros2_ws/install/robotarm_description/lib/python3.12/site-packages'
[0.540s] Level 1:colcon.colcon_core.environment:checking '/home/matteo/ros2_ws/install/robotarm_description/bin'
[0.540s] INFO:colcon.colcon_core.shell:Creating package script '/home/matteo/ros2_ws/install/robotarm_description/share/robotarm_description/package.ps1'
[0.540s] INFO:colcon.colcon_core.shell:Creating package descriptor '/home/matteo/ros2_ws/install/robotarm_description/share/robotarm_description/package.dsv'
[0.547s] INFO:colcon.colcon_core.shell:Creating package script '/home/matteo/ros2_ws/install/robotarm_description/share/robotarm_description/package.sh'
[0.547s] INFO:colcon.colcon_core.shell:Creating package script '/home/matteo/ros2_ws/install/robotarm_description/share/robotarm_description/package.bash'
[0.548s] INFO:colcon.colcon_core.shell:Creating package script '/home/matteo/ros2_ws/install/robotarm_description/share/robotarm_description/package.zsh'
[0.548s] Level 1:colcon.colcon_core.environment:create_file_with_runtime_dependencies(/home/matteo/ros2_ws/install/robotarm_description/share/colcon-core/packages/robotarm_description)
[0.549s] INFO:colcon.colcon_ros.task.ament_cmake.build:Building ROS package in '/home/matteo/ros2_ws/src/robotarm_ros2/robotarm_ros2' with build type 'ament_cmake'
[0.549s] INFO:colcon.colcon_cmake.task.cmake.build:Building CMake package in '/home/matteo/ros2_ws/src/robotarm_ros2/robotarm_ros2'
[0.550s] INFO:colcon.colcon_core.shell:Skip shell extension 'powershell' for command environment: Not usable outside of PowerShell
[0.550s] DEBUG:colcon.colcon_core.shell:Skip shell extension 'dsv' for command environment
[0.555s] Level 1:colcon.colcon_core.environment:create_environment_scripts_only(ros2_robotarm)
[0.555s] Level 1:colcon.colcon_core.environment:checking '/home/matteo/ros2_ws/install/ros2_robotarm' for CMake module files
[0.557s] Level 1:colcon.colcon_core.environment:checking '/home/matteo/ros2_ws/install/ros2_robotarm' for CMake config files
[0.557s] Level 1:colcon.colcon_core.shell:create_environment_hook('ros2_robotarm', 'cmake_prefix_path')
[0.557s] INFO:colcon.colcon_core.shell:Creating environment hook '/home/matteo/ros2_ws/install/ros2_robotarm/share/ros2_robotarm/hook/cmake_prefix_path.ps1'
[0.558s] INFO:colcon.colcon_core.shell:Creating environment descriptor '/home/matteo/ros2_ws/install/ros2_robotarm/share/ros2_robotarm/hook/cmake_prefix_path.dsv'
[0.559s] DEBUG:colcon.colcon_core.event_handler.log_command:Invoked command in '/home/matteo/ros2_ws/build/ros2_robotarm' returned '0': CMAKE_PREFIX_PATH=${CMAKE_PREFIX_PATH}:/opt/ros/jazzy DEBUGINFOD_URLS=https://debuginfod.ubuntu.com /usr/bin/cmake --install /home/matteo/ros2_ws/build/ros2_robotarm
[0.560s] INFO:colcon.colcon_core.shell:Creating environment hook '/home/matteo/ros2_ws/install/ros2_robotarm/share/ros2_robotarm/hook/cmake_prefix_path.sh'
[0.560s] Level 1:colcon.colcon_core.environment:checking '/home/matteo/ros2_ws/install/ros2_robotarm/bin'
[0.560s] Level 1:colcon.colcon_core.environment:checking '/home/matteo/ros2_ws/install/ros2_robotarm/lib/pkgconfig/ros2_robotarm.pc'
[0.560s] Level 1:colcon.colcon_core.environment:checking '/home/matteo/ros2_ws/install/ros2_robotarm/lib/python3.12/site-packages'
[0.560s] Level 1:colcon.colcon_core.environment:checking '/home/matteo/ros2_ws/install/ros2_robotarm/bin'
[0.560s] INFO:colcon.colcon_core.shell:Creating package script '/home/matteo/ros2_ws/install/ros2_robotarm/share/ros2_robotarm/package.ps1'
[0.560s] INFO:colcon.colcon_core.shell:Creating package descriptor '/home/matteo/ros2_ws/install/ros2_robotarm/share/ros2_robotarm/package.dsv'
[0.564s] INFO:colcon.colcon_core.shell:Creating package script '/home/matteo/ros2_ws/install/ros2_robotarm/share/ros2_robotarm/package.sh'
[0.564s] INFO:colcon.colcon_core.shell:Creating package script '/home/matteo/ros2_ws/install/ros2_robotarm/share/ros2_robotarm/package.bash'
[0.565s] INFO:colcon.colcon_core.shell:Creating package script '/home/matteo/ros2_ws/install/ros2_robotarm/share/ros2_robotarm/package.zsh'
[0.565s] Level 1:colcon.colcon_core.environment:create_file_with_runtime_dependencies(/home/matteo/ros2_ws/install/ros2_robotarm/share/colcon-core/packages/ros2_robotarm)
[0.565s] Level 1:colcon.colcon_core.environment:create_environment_scripts_only(ros2_robotarm)
[0.565s] Level 1:colcon.colcon_core.environment:checking '/home/matteo/ros2_ws/install/ros2_robotarm' for CMake module files
[0.565s] Level 1:colcon.colcon_core.environment:checking '/home/matteo/ros2_ws/install/ros2_robotarm' for CMake config files
[0.565s] Level 1:colcon.colcon_core.shell:create_environment_hook('ros2_robotarm', 'cmake_prefix_path')
[0.565s] INFO:colcon.colcon_core.shell:Creating environment hook '/home/matteo/ros2_ws/install/ros2_robotarm/share/ros2_robotarm/hook/cmake_prefix_path.ps1'
[0.571s] INFO:colcon.colcon_core.shell:Creating environment descriptor '/home/matteo/ros2_ws/install/ros2_robotarm/share/ros2_robotarm/hook/cmake_prefix_path.dsv'
[0.571s] INFO:colcon.colcon_core.shell:Creating environment hook '/home/matteo/ros2_ws/install/ros2_robotarm/share/ros2_robotarm/hook/cmake_prefix_path.sh'
[0.572s] Level 1:colcon.colcon_core.environment:checking '/home/matteo/ros2_ws/install/ros2_robotarm/bin'
[0.572s] Level 1:colcon.colcon_core.environment:checking '/home/matteo/ros2_ws/install/ros2_robotarm/lib/pkgconfig/ros2_robotarm.pc'
[0.572s] Level 1:colcon.colcon_core.environment:checking '/home/matteo/ros2_ws/install/ros2_robotarm/lib/python3.12/site-packages'
[0.572s] Level 1:colcon.colcon_core.environment:checking '/home/matteo/ros2_ws/install/ros2_robotarm/bin'
[0.572s] INFO:colcon.colcon_core.shell:Creating package script '/home/matteo/ros2_ws/install/ros2_robotarm/share/ros2_robotarm/package.ps1'
[0.572s] INFO:colcon.colcon_core.shell:Creating package descriptor '/home/matteo/ros2_ws/install/ros2_robotarm/share/ros2_robotarm/package.dsv'
[0.574s] INFO:colcon.colcon_core.shell:Creating package script '/home/matteo/ros2_ws/install/ros2_robotarm/share/ros2_robotarm/package.sh'
[0.576s] INFO:colcon.colcon_core.shell:Creating package script '/home/matteo/ros2_ws/install/ros2_robotarm/share/ros2_robotarm/package.bash'
[0.577s] INFO:colcon.colcon_core.shell:Creating package script '/home/matteo/ros2_ws/install/ros2_robotarm/share/ros2_robotarm/package.zsh'
[0.578s] Level 1:colcon.colcon_core.environment:create_file_with_runtime_dependencies(/home/matteo/ros2_ws/install/ros2_robotarm/share/colcon-core/packages/ros2_robotarm)
[0.582s] DEBUG:colcon.colcon_core.event_handler.log_command:Invoking command in '/home/matteo/ros2_ws/build/robotarm_ros2': AMENT_PREFIX_PATH=/home/matteo/ros2_ws/install/robotarm_description:${AMENT_PREFIX_PATH} CMAKE_PREFIX_PATH=/home/matteo/ros2_ws/install/robotarm_description:/opt/ros/jazzy/opt/gz_math_vendor:/opt/ros/jazzy/opt/gz_utils_vendor:/opt/ros/jazzy/opt/gz_cmake_vendor:/opt/ros/jazzy DEBUGINFOD_URLS=https://debuginfod.ubuntu.com /usr/bin/cmake --build /home/matteo/ros2_ws/build/robotarm_ros2 -- -j7 -l7
[0.684s] DEBUG:colcon.colcon_core.event_handler.log_command:Invoked command in '/home/matteo/ros2_ws/build/robotarm_ros2' returned '0': AMENT_PREFIX_PATH=/home/matteo/ros2_ws/install/robotarm_description:${AMENT_PREFIX_PATH} CMAKE_PREFIX_PATH=/home/matteo/ros2_ws/install/robotarm_description:/opt/ros/jazzy/opt/gz_math_vendor:/opt/ros/jazzy/opt/gz_utils_vendor:/opt/ros/jazzy/opt/gz_cmake_vendor:/opt/ros/jazzy DEBUGINFOD_URLS=https://debuginfod.ubuntu.com /usr/bin/cmake --build /home/matteo/ros2_ws/build/robotarm_ros2 -- -j7 -l7
[0.688s] DEBUG:colcon.colcon_core.event_handler.log_command:Invoking command in '/home/matteo/ros2_ws/build/robotarm_ros2': AMENT_PREFIX_PATH=/home/matteo/ros2_ws/install/robotarm_description:${AMENT_PREFIX_PATH} CMAKE_PREFIX_PATH=/home/matteo/ros2_ws/install/robotarm_description:/opt/ros/jazzy/opt/gz_math_vendor:/opt/ros/jazzy/opt/gz_utils_vendor:/opt/ros/jazzy/opt/gz_cmake_vendor:/opt/ros/jazzy DEBUGINFOD_URLS=https://debuginfod.ubuntu.com /usr/bin/cmake --install /home/matteo/ros2_ws/build/robotarm_ros2
[0.707s] Level 1:colcon.colcon_core.environment:create_environment_scripts_only(robotarm_ros2)
[0.707s] Level 1:colcon.colcon_core.environment:checking '/home/matteo/ros2_ws/install/robotarm_ros2' for CMake module files
[0.707s] Level 1:colcon.colcon_core.environment:checking '/home/matteo/ros2_ws/install/robotarm_ros2' for CMake config files
[0.707s] Level 1:colcon.colcon_core.shell:create_environment_hook('robotarm_ros2', 'cmake_prefix_path')
[0.707s] INFO:colcon.colcon_core.shell:Creating environment hook '/home/matteo/ros2_ws/install/robotarm_ros2/share/robotarm_ros2/hook/cmake_prefix_path.ps1'
[0.707s] INFO:colcon.colcon_core.shell:Creating environment descriptor '/home/matteo/ros2_ws/install/robotarm_ros2/share/robotarm_ros2/hook/cmake_prefix_path.dsv'
[0.707s] INFO:colcon.colcon_core.shell:Creating environment hook '/home/matteo/ros2_ws/install/robotarm_ros2/share/robotarm_ros2/hook/cmake_prefix_path.sh'
[0.707s] Level 1:colcon.colcon_core.environment:checking '/home/matteo/ros2_ws/install/robotarm_ros2/bin'
[0.707s] Level 1:colcon.colcon_core.environment:checking '/home/matteo/ros2_ws/install/robotarm_ros2/lib/pkgconfig/robotarm_ros2.pc'
[0.707s] Level 1:colcon.colcon_core.environment:checking '/home/matteo/ros2_ws/install/robotarm_ros2/lib/python3.12/site-packages'
[0.707s] Level 1:colcon.colcon_core.environment:checking '/home/matteo/ros2_ws/install/robotarm_ros2/bin'
[0.710s] INFO:colcon.colcon_core.shell:Creating package script '/home/matteo/ros2_ws/install/robotarm_ros2/share/robotarm_ros2/package.ps1'
[0.710s] INFO:colcon.colcon_core.shell:Creating package descriptor '/home/matteo/ros2_ws/install/robotarm_ros2/share/robotarm_ros2/package.dsv'
[0.710s] INFO:colcon.colcon_core.shell:Creating package script '/home/matteo/ros2_ws/install/robotarm_ros2/share/robotarm_ros2/package.sh'
[0.710s] INFO:colcon.colcon_core.shell:Creating package script '/home/matteo/ros2_ws/install/robotarm_ros2/share/robotarm_ros2/package.bash'
[0.710s] INFO:colcon.colcon_core.shell:Creating package script '/home/matteo/ros2_ws/install/robotarm_ros2/share/robotarm_ros2/package.zsh'
[0.710s] Level 1:colcon.colcon_core.environment:create_file_with_runtime_dependencies(/home/matteo/ros2_ws/install/robotarm_ros2/share/colcon-core/packages/robotarm_ros2)
[0.710s] Level 1:colcon.colcon_core.environment:create_environment_scripts_only(robotarm_ros2)
[0.710s] Level 1:colcon.colcon_core.environment:checking '/home/matteo/ros2_ws/install/robotarm_ros2' for CMake module files
[0.710s] Level 1:colcon.colcon_core.environment:checking '/home/matteo/ros2_ws/install/robotarm_ros2' for CMake config files
[0.710s] Level 1:colcon.colcon_core.shell:create_environment_hook('robotarm_ros2', 'cmake_prefix_path')
[0.710s] INFO:colcon.colcon_core.shell:Creating environment hook '/home/matteo/ros2_ws/install/robotarm_ros2/share/robotarm_ros2/hook/cmake_prefix_path.ps1'
[0.710s] INFO:colcon.colcon_core.shell:Creating environment descriptor '/home/matteo/ros2_ws/install/robotarm_ros2/share/robotarm_ros2/hook/cmake_prefix_path.dsv'
[0.710s] DEBUG:colcon.colcon_core.event_handler.log_command:Invoked command in '/home/matteo/ros2_ws/build/robotarm_ros2' returned '0': AMENT_PREFIX_PATH=/home/matteo/ros2_ws/install/robotarm_description:${AMENT_PREFIX_PATH} CMAKE_PREFIX_PATH=/home/matteo/ros2_ws/install/robotarm_description:/opt/ros/jazzy/opt/gz_math_vendor:/opt/ros/jazzy/opt/gz_utils_vendor:/opt/ros/jazzy/opt/gz_cmake_vendor:/opt/ros/jazzy DEBUGINFOD_URLS=https://debuginfod.ubuntu.com /usr/bin/cmake --install /home/matteo/ros2_ws/build/robotarm_ros2
[0.719s] INFO:colcon.colcon_core.shell:Creating environment hook '/home/matteo/ros2_ws/install/robotarm_ros2/share/robotarm_ros2/hook/cmake_prefix_path.sh'
[0.724s] Level 1:colcon.colcon_core.environment:checking '/home/matteo/ros2_ws/install/robotarm_ros2/bin'
[0.724s] Level 1:colcon.colcon_core.environment:checking '/home/matteo/ros2_ws/install/robotarm_ros2/lib/pkgconfig/robotarm_ros2.pc'
[0.724s] Level 1:colcon.colcon_core.environment:checking '/home/matteo/ros2_ws/install/robotarm_ros2/lib/python3.12/site-packages'
[0.724s] Level 1:colcon.colcon_core.environment:checking '/home/matteo/ros2_ws/install/robotarm_ros2/bin'
[0.725s] INFO:colcon.colcon_core.shell:Creating package script '/home/matteo/ros2_ws/install/robotarm_ros2/share/robotarm_ros2/package.ps1'
[0.726s] INFO:colcon.colcon_core.shell:Creating package descriptor '/home/matteo/ros2_ws/install/robotarm_ros2/share/robotarm_ros2/package.dsv'
[0.727s] INFO:colcon.colcon_core.shell:Creating package script '/home/matteo/ros2_ws/install/robotarm_ros2/share/robotarm_ros2/package.sh'
[0.729s] INFO:colcon.colcon_core.shell:Creating package script '/home/matteo/ros2_ws/install/robotarm_ros2/share/robotarm_ros2/package.bash'
[0.729s] INFO:colcon.colcon_core.shell:Creating package script '/home/matteo/ros2_ws/install/robotarm_ros2/share/robotarm_ros2/package.zsh'
[0.730s] Level 1:colcon.colcon_core.environment:create_file_with_runtime_dependencies(/home/matteo/ros2_ws/install/robotarm_ros2/share/colcon-core/packages/robotarm_ros2)
[0.731s] DEBUG:colcon.colcon_parallel_executor.executor.parallel:closing loop
[0.732s] DEBUG:colcon.colcon_parallel_executor.executor.parallel:loop closed
[0.732s] DEBUG:colcon.colcon_parallel_executor.executor.parallel:run_until_complete finished with '0'
[0.732s] DEBUG:colcon.colcon_core.event_reactor:joining thread
[0.738s] INFO:colcon.colcon_core.plugin_system:Skipping extension 'colcon_notification.desktop_notification.terminal_notifier': Not used on non-Darwin systems
[0.738s] INFO:colcon.colcon_core.plugin_system:Skipping extension 'colcon_notification.desktop_notification.win32': Not used on non-Windows systems
[0.738s] INFO:colcon.colcon_notification.desktop_notification:Sending desktop notification using 'notify2'
[0.771s] DEBUG:colcon.colcon_core.event_reactor:joined thread
[0.771s] INFO:colcon.colcon_core.shell:Creating prefix script '/home/matteo/ros2_ws/install/local_setup.ps1'
[0.772s] INFO:colcon.colcon_core.shell:Creating prefix util module '/home/matteo/ros2_ws/install/_local_setup_util_ps1.py'
[0.774s] INFO:colcon.colcon_core.shell:Creating prefix chain script '/home/matteo/ros2_ws/install/setup.ps1'
[0.774s] INFO:colcon.colcon_core.shell:Creating prefix script '/home/matteo/ros2_ws/install/local_setup.sh'
[0.775s] INFO:colcon.colcon_core.shell:Creating prefix util module '/home/matteo/ros2_ws/install/_local_setup_util_sh.py'
[0.775s] INFO:colcon.colcon_core.shell:Creating prefix chain script '/home/matteo/ros2_ws/install/setup.sh'
[0.776s] INFO:colcon.colcon_core.shell:Creating prefix script '/home/matteo/ros2_ws/install/local_setup.bash'
[0.777s] INFO:colcon.colcon_core.shell:Creating prefix chain script '/home/matteo/ros2_ws/install/setup.bash'
[0.778s] INFO:colcon.colcon_core.shell:Creating prefix script '/home/matteo/ros2_ws/install/local_setup.zsh'
[0.778s] INFO:colcon.colcon_core.shell:Creating prefix chain script '/home/matteo/ros2_ws/install/setup.zsh'
