-- Install configuration: ""
-- Up-to-date: /home/matteo/ros2_ws/install/robotarm_description/share/robotarm_description/launch
-- Up-to-date: /home/matteo/ros2_ws/install/robotarm_description/share/robotarm_description/meshes
-- Up-to-date: /home/matteo/ros2_ws/install/robotarm_description/share/robotarm_description/meshes/Link_2_colision.STL
-- Up-to-date: /home/matteo/ros2_ws/install/robotarm_description/share/robotarm_description/meshes/base_link_colision.STL
-- Up-to-date: /home/matteo/ros2_ws/install/robotarm_description/share/robotarm_description/meshes/Link_4.STL
-- Up-to-date: /home/matteo/ros2_ws/install/robotarm_description/share/robotarm_description/meshes/Link_3_colision.STL
-- Up-to-date: /home/matteo/ros2_ws/install/robotarm_description/share/robotarm_description/meshes/Link_4_colision.STL
-- Up-to-date: /home/matteo/ros2_ws/install/robotarm_description/share/robotarm_description/meshes/Link_3.STL
-- Up-to-date: /home/matteo/ros2_ws/install/robotarm_description/share/robotarm_description/meshes/robotarm_280
-- Up-to-date: /home/matteo/ros2_ws/install/robotarm_description/share/robotarm_description/meshes/robotarm_280/visual
-- Up-to-date: /home/matteo/ros2_ws/install/robotarm_description/share/robotarm_description/meshes/Link_1_colision.STL
-- Up-to-date: /home/matteo/ros2_ws/install/robotarm_description/share/robotarm_description/meshes/base_link.STL
-- Up-to-date: /home/matteo/ros2_ws/install/robotarm_description/share/robotarm_description/meshes/Link_1.STL
-- Up-to-date: /home/matteo/ros2_ws/install/robotarm_description/share/robotarm_description/meshes/Link_2.STL
-- Up-to-date: /home/matteo/ros2_ws/install/robotarm_description/share/robotarm_description/urdf
-- Up-to-date: /home/matteo/ros2_ws/install/robotarm_description/share/robotarm_description/urdf/mech
[31mCMake Error at cmake_install.cmake:46 (file):
  file INSTALL cannot find
  "/home/matteo/ros2_ws/src/robotarm_ros2/robotarm_description/rivz": No such
  file or directory.

[0m
-- Up-to-date: /home/matteo/ros2_ws/install/robotarm_description/share/robotarm_description/urdf/robots
-- Up-to-date: /home/matteo/ros2_ws/install/robotarm_description/share/robotarm_description/urdf/sensors
-- Up-to-date: /home/matteo/ros2_ws/install/robotarm_description/share/robotarm_description/urdf/control
