[0.024s] Invoking command in '/home/matteo/ros2_ws/build/ros2_robotarm': CMAKE_PREFIX_PATH=${CMAKE_PREFIX_PATH}:/opt/ros/jazzy DEBUGINFOD_URLS=https://debuginfod.ubuntu.com /usr/bin/cmake /home/matteo/ros2_ws/src/ros2_robotarm -DCMAKE_INSTALL_PREFIX=/home/matteo/ros2_ws/install/ros2_robotarm
[0.078s] -- The C compiler identification is GNU 13.3.0
[0.138s] -- The CXX compiler identification is GNU 13.3.0
[0.157s] -- Detecting C compiler ABI info
[0.268s] -- Detecting C compiler ABI info - done
[0.273s] -- Check for working C compiler: /usr/bin/cc - skipped
[0.274s] -- Detecting C compile features
[0.274s] -- Detecting C compile features - done
[0.286s] -- Detecting CXX compiler ABI info
[0.405s] -- Detecting CXX compiler ABI info - done
[0.414s] -- Check for working CXX compiler: /usr/bin/c++ - skipped
[0.414s] -- Detecting CXX compile features
[0.415s] -- Detecting CXX compile features - done
[0.417s] -- Found ament_cmake: 2.5.4 (/opt/ros/jazzy/share/ament_cmake/cmake)
[0.537s] -- Found Python3: /usr/bin/python3 (found version "3.12.3") found components: Interpreter 
[0.618s] -- Found ament_lint_auto: 0.17.3 (/opt/ros/jazzy/share/ament_lint_auto/cmake)
[0.700s] -- Added test 'lint_cmake' to check CMake code style
[0.701s] -- Added test 'xmllint' to check XML markup files
[0.702s] -- Configuring done (0.7s)
[0.705s] -- Generating done (0.0s)
[0.707s] -- Build files have been written to: /home/matteo/ros2_ws/build/ros2_robotarm
[0.715s] Invoked command in '/home/matteo/ros2_ws/build/ros2_robotarm' returned '0': CMAKE_PREFIX_PATH=${CMAKE_PREFIX_PATH}:/opt/ros/jazzy DEBUGINFOD_URLS=https://debuginfod.ubuntu.com /usr/bin/cmake /home/matteo/ros2_ws/src/ros2_robotarm -DCMAKE_INSTALL_PREFIX=/home/matteo/ros2_ws/install/ros2_robotarm
[0.720s] Invoking command in '/home/matteo/ros2_ws/build/ros2_robotarm': CMAKE_PREFIX_PATH=${CMAKE_PREFIX_PATH}:/opt/ros/jazzy DEBUGINFOD_URLS=https://debuginfod.ubuntu.com /usr/bin/cmake --build /home/matteo/ros2_ws/build/ros2_robotarm -- -j7 -l7
[0.769s] Invoked command in '/home/matteo/ros2_ws/build/ros2_robotarm' returned '0': CMAKE_PREFIX_PATH=${CMAKE_PREFIX_PATH}:/opt/ros/jazzy DEBUGINFOD_URLS=https://debuginfod.ubuntu.com /usr/bin/cmake --build /home/matteo/ros2_ws/build/ros2_robotarm -- -j7 -l7
[0.779s] Invoking command in '/home/matteo/ros2_ws/build/ros2_robotarm': CMAKE_PREFIX_PATH=${CMAKE_PREFIX_PATH}:/opt/ros/jazzy DEBUGINFOD_URLS=https://debuginfod.ubuntu.com /usr/bin/cmake --install /home/matteo/ros2_ws/build/ros2_robotarm
[0.789s] -- Install configuration: ""
[0.789s] -- Installing: /home/matteo/ros2_ws/install/ros2_robotarm/share/ament_index/resource_index/package_run_dependencies/ros2_robotarm
[0.790s] -- Installing: /home/matteo/ros2_ws/install/ros2_robotarm/share/ament_index/resource_index/parent_prefix_path/ros2_robotarm
[0.790s] -- Installing: /home/matteo/ros2_ws/install/ros2_robotarm/share/ros2_robotarm/environment/ament_prefix_path.sh
[0.790s] -- Installing: /home/matteo/ros2_ws/install/ros2_robotarm/share/ros2_robotarm/environment/ament_prefix_path.dsv
[0.790s] -- Installing: /home/matteo/ros2_ws/install/ros2_robotarm/share/ros2_robotarm/environment/path.sh
[0.790s] -- Installing: /home/matteo/ros2_ws/install/ros2_robotarm/share/ros2_robotarm/environment/path.dsv
[0.790s] -- Installing: /home/matteo/ros2_ws/install/ros2_robotarm/share/ros2_robotarm/local_setup.bash
[0.791s] -- Installing: /home/matteo/ros2_ws/install/ros2_robotarm/share/ros2_robotarm/local_setup.sh
[0.791s] -- Installing: /home/matteo/ros2_ws/install/ros2_robotarm/share/ros2_robotarm/local_setup.zsh
[0.791s] -- Installing: /home/matteo/ros2_ws/install/ros2_robotarm/share/ros2_robotarm/local_setup.dsv
[0.792s] -- Installing: /home/matteo/ros2_ws/install/ros2_robotarm/share/ros2_robotarm/package.dsv
[0.792s] -- Installing: /home/matteo/ros2_ws/install/ros2_robotarm/share/ament_index/resource_index/packages/ros2_robotarm
[0.793s] -- Installing: /home/matteo/ros2_ws/install/ros2_robotarm/share/ros2_robotarm/cmake/ros2_robotarmConfig.cmake
[0.793s] -- Installing: /home/matteo/ros2_ws/install/ros2_robotarm/share/ros2_robotarm/cmake/ros2_robotarmConfig-version.cmake
[0.793s] -- Installing: /home/matteo/ros2_ws/install/ros2_robotarm/share/ros2_robotarm/package.xml
[0.795s] Invoked command in '/home/matteo/ros2_ws/build/ros2_robotarm' returned '0': CMAKE_PREFIX_PATH=${CMAKE_PREFIX_PATH}:/opt/ros/jazzy DEBUGINFOD_URLS=https://debuginfod.ubuntu.com /usr/bin/cmake --install /home/matteo/ros2_ws/build/ros2_robotarm
