-- Install configuration: ""
-- Installing: /home/matteo/ros2_ws/install/robotarm_description/share/robotarm_description/launch
-- Installing: /home/matteo/ros2_ws/install/robotarm_description/share/robotarm_description/meshes
-- Installing: /home/matteo/ros2_ws/install/robotarm_description/share/robotarm_description/meshes/Link_2_colision.STL
-- Installing: /home/matteo/ros2_ws/install/robotarm_description/share/robotarm_description/meshes/base_link_colision.STL
-- Installing: /home/matteo/ros2_ws/install/robotarm_description/share/robotarm_description/meshes/Link_4.STL
-- Installing: /home/matteo/ros2_ws/install/robotarm_description/share/robotarm_description/meshes/Link_3_colision.STL
-- Installing: /home/matteo/ros2_ws/install/robotarm_description/share/robotarm_description/meshes/Link_4_colision.STL
-- Installing: /home/matteo/ros2_ws/install/robotarm_description/share/robotarm_description/meshes/Link_3.STL
-- Installing: /home/matteo/ros2_ws/install/robotarm_description/share/robotarm_description/meshes/robotarm_280
-- Installing: /home/matteo/ros2_ws/install/robotarm_description/share/robotarm_description/meshes/robotarm_280/visual
-- Installing: /home/matteo/ros2_ws/install/robotarm_description/share/robotarm_description/meshes/Link_1_colision.STL
-- Installing: /home/matteo/ros2_ws/install/robotarm_description/share/robotarm_description/meshes/base_link.STL
-- Installing: /home/matteo/ros2_ws/install/robotarm_description/share/robotarm_description/meshes/Link_1.STL
-- Installing: /home/matteo/ros2_ws/install/robotarm_description/share/robotarm_description/meshes/Link_2.STL
-- Installing: /home/matteo/ros2_ws/install/robotarm_description/share/robotarm_description/urdf
-- Installing: /home/matteo/ros2_ws/install/robotarm_description/share/robotarm_description/urdf/mech
-- Installing: /home/matteo/ros2_ws/install/robotarm_description/share/robotarm_description/urdf/robots
-- Installing: /home/matteo/ros2_ws/install/robotarm_description/share/robotarm_description/urdf/sensors
-- Installing: /home/matteo/ros2_ws/install/robotarm_description/share/robotarm_description/urdf/control
