-- Install configuration: ""
-- Up-to-date: /home/matteo/ros2_ws/install/robotarm_description/share/robotarm_description/launch
-- Up-to-date: /home/matteo/ros2_ws/install/robotarm_description/share/robotarm_description/meshes
-- Up-to-date: /home/matteo/ros2_ws/install/robotarm_description/share/robotarm_description/meshes/Link_2_colision.STL
-- Up-to-date: /home/matteo/ros2_ws/install/robotarm_description/share/robotarm_description/meshes/base_link_colision.STL
-- Up-to-date: /home/matteo/ros2_ws/install/robotarm_description/share/robotarm_description/meshes/Link_4.STL
-- Up-to-date: /home/matteo/ros2_ws/install/robotarm_description/share/robotarm_description/meshes/Link_3_colision.STL
-- Up-to-date: /home/matteo/ros2_ws/install/robotarm_description/share/robotarm_description/meshes/Link_4_colision.STL
-- Up-to-date: /home/matteo/ros2_ws/install/robotarm_description/share/robotarm_description/meshes/Link_3.STL
-- Up-to-date: /home/matteo/ros2_ws/install/robotarm_description/share/robotarm_description/meshes/robotarm_280
-- Up-to-date: /home/matteo/ros2_ws/install/robotarm_description/share/robotarm_description/meshes/robotarm_280/visual
-- Up-to-date: /home/matteo/ros2_ws/install/robotarm_description/share/robotarm_description/meshes/Link_1_colision.STL
-- Up-to-date: /home/matteo/ros2_ws/install/robotarm_description/share/robotarm_description/meshes/base_link.STL
-- Up-to-date: /home/matteo/ros2_ws/install/robotarm_description/share/robotarm_description/meshes/Link_1.STL
-- Up-to-date: /home/matteo/ros2_ws/install/robotarm_description/share/robotarm_description/meshes/Link_2.STL
-- Up-to-date: /home/matteo/ros2_ws/install/robotarm_description/share/robotarm_description/urdf
-- Up-to-date: /home/matteo/ros2_ws/install/robotarm_description/share/robotarm_description/urdf/mech
-- Up-to-date: /home/matteo/ros2_ws/install/robotarm_description/share/robotarm_description/urdf/robots
-- Up-to-date: /home/matteo/ros2_ws/install/robotarm_description/share/robotarm_description/urdf/sensors
-- Up-to-date: /home/matteo/ros2_ws/install/robotarm_description/share/robotarm_description/urdf/control
-- Installing: /home/matteo/ros2_ws/install/robotarm_description/share/robotarm_description/rivz
-- Installing: /home/matteo/ros2_ws/install/robotarm_description/share/ament_index/resource_index/package_run_dependencies/robotarm_description
-- Up-to-date: /home/matteo/ros2_ws/install/robotarm_description/share/ament_index/resource_index/parent_prefix_path/robotarm_description
-- Up-to-date: /home/matteo/ros2_ws/install/robotarm_description/share/robotarm_description/environment/ament_prefix_path.sh
-- Up-to-date: /home/matteo/ros2_ws/install/robotarm_description/share/robotarm_description/environment/ament_prefix_path.dsv
-- Up-to-date: /home/matteo/ros2_ws/install/robotarm_description/share/robotarm_description/environment/path.sh
-- Up-to-date: /home/matteo/ros2_ws/install/robotarm_description/share/robotarm_description/environment/path.dsv
-- Up-to-date: /home/matteo/ros2_ws/install/robotarm_description/share/robotarm_description/local_setup.bash
-- Up-to-date: /home/matteo/ros2_ws/install/robotarm_description/share/robotarm_description/local_setup.sh
-- Up-to-date: /home/matteo/ros2_ws/install/robotarm_description/share/robotarm_description/local_setup.zsh
-- Up-to-date: /home/matteo/ros2_ws/install/robotarm_description/share/robotarm_description/local_setup.dsv
-- Installing: /home/matteo/ros2_ws/install/robotarm_description/share/robotarm_description/package.dsv
-- Up-to-date: /home/matteo/ros2_ws/install/robotarm_description/share/ament_index/resource_index/packages/robotarm_description
-- Up-to-date: /home/matteo/ros2_ws/install/robotarm_description/share/robotarm_description/cmake/robotarm_descriptionConfig.cmake
-- Up-to-date: /home/matteo/ros2_ws/install/robotarm_description/share/robotarm_description/cmake/robotarm_descriptionConfig-version.cmake
-- Installing: /home/matteo/ros2_ws/install/robotarm_description/share/robotarm_description/package.xml
