[0.020s] Invoking command in '/home/matteo/ros2_ws/build/robotarm_description': CMAKE_PREFIX_PATH=${CMAKE_PREFIX_PATH}:/opt/ros/jazzy DEBUGINFOD_URLS=https://debuginfod.ubuntu.com /usr/bin/cmake --build /home/matteo/ros2_ws/build/robotarm_description -- -j7 -l7
[0.042s] -- Found ament_cmake: 2.5.4 (/opt/ros/jazzy/share/ament_cmake/cmake)
[0.231s] -- Found urdf_tutorial: 1.1.0 (/opt/ros/jazzy/share/urdf_tutorial/cmake)
[0.232s] -- Found ament_lint_auto: 0.17.3 (/opt/ros/jazzy/share/ament_lint_auto/cmake)
[0.294s] -- Added test 'lint_cmake' to check CMake code style
[0.302s] -- Added test 'xmllint' to check XML markup files
[0.304s] -- Configuring done (0.3s)
[0.304s] -- Generating done (0.0s)
[0.307s] -- Build files have been written to: /home/matteo/ros2_ws/build/robotarm_description
[0.330s] Invoked command in '/home/matteo/ros2_ws/build/robotarm_description' returned '0': CMAKE_PREFIX_PATH=${CMAKE_PREFIX_PATH}:/opt/ros/jazzy DEBUGINFOD_URLS=https://debuginfod.ubuntu.com /usr/bin/cmake --build /home/matteo/ros2_ws/build/robotarm_description -- -j7 -l7
[0.342s] Invoking command in '/home/matteo/ros2_ws/build/robotarm_description': CMAKE_PREFIX_PATH=${CMAKE_PREFIX_PATH}:/opt/ros/jazzy DEBUGINFOD_URLS=https://debuginfod.ubuntu.com /usr/bin/cmake --install /home/matteo/ros2_ws/build/robotarm_description
[0.350s] -- Install configuration: ""
[0.350s] -- Up-to-date: /home/matteo/ros2_ws/install/robotarm_description/share/robotarm_description/launch
[0.350s] -- Up-to-date: /home/matteo/ros2_ws/install/robotarm_description/share/robotarm_description/meshes
[0.350s] -- Up-to-date: /home/matteo/ros2_ws/install/robotarm_description/share/robotarm_description/meshes/Link_2_colision.STL
[0.350s] -- Up-to-date: /home/matteo/ros2_ws/install/robotarm_description/share/robotarm_description/meshes/base_link_colision.STL
[0.350s] -- Up-to-date: /home/matteo/ros2_ws/install/robotarm_description/share/robotarm_description/meshes/Link_4.STL
[0.350s] -- Up-to-date: /home/matteo/ros2_ws/install/robotarm_description/share/robotarm_description/meshes/Link_3_colision.STL
[0.350s] -- Up-to-date: /home/matteo/ros2_ws/install/robotarm_description/share/robotarm_description/meshes/Link_4_colision.STL
[0.351s] -- Up-to-date: /home/matteo/ros2_ws/install/robotarm_description/share/robotarm_description/meshes/Link_3.STL
[0.351s] -- Up-to-date: /home/matteo/ros2_ws/install/robotarm_description/share/robotarm_description/meshes/robotarm_280
[0.351s] -- Up-to-date: /home/matteo/ros2_ws/install/robotarm_description/share/robotarm_description/meshes/robotarm_280/visual
[0.351s] -- Up-to-date: /home/matteo/ros2_ws/install/robotarm_description/share/robotarm_description/meshes/Link_1_colision.STL
[0.351s] -- Up-to-date: /home/matteo/ros2_ws/install/robotarm_description/share/robotarm_description/meshes/base_link.STL
[0.352s] -- Up-to-date: /home/matteo/ros2_ws/install/robotarm_description/share/robotarm_description/meshes/Link_1.STL
[0.352s] -- Up-to-date: /home/matteo/ros2_ws/install/robotarm_description/share/robotarm_description/meshes/Link_2.STL
[0.352s] -- Up-to-date: /home/matteo/ros2_ws/install/robotarm_description/share/robotarm_description/urdf
[0.352s] -- Up-to-date: /home/matteo/ros2_ws/install/robotarm_description/share/robotarm_description/urdf/Base_shoulder_forearm_comined.csv
[0.352s] -- Up-to-date: /home/matteo/ros2_ws/install/robotarm_description/share/robotarm_description/urdf/mech
[0.352s] -- Up-to-date: /home/matteo/ros2_ws/install/robotarm_description/share/robotarm_description/urdf/model.config
[0.352s] -- Up-to-date: /home/matteo/ros2_ws/install/robotarm_description/share/robotarm_description/urdf/robots
[0.352s] -- Up-to-date: /home/matteo/ros2_ws/install/robotarm_description/share/robotarm_description/urdf/robots/Base_shoulder_forearm_comined.urdf
[0.352s] -- Up-to-date: /home/matteo/ros2_ws/install/robotarm_description/share/robotarm_description/urdf/sensors
[0.352s] -- Up-to-date: /home/matteo/ros2_ws/install/robotarm_description/share/robotarm_description/urdf/control
[0.352s] -- Up-to-date: /home/matteo/ros2_ws/install/robotarm_description/share/robotarm_description/rivz
[0.352s] -- Up-to-date: /home/matteo/ros2_ws/install/robotarm_description/share/ament_index/resource_index/package_run_dependencies/robotarm_description
[0.352s] -- Up-to-date: /home/matteo/ros2_ws/install/robotarm_description/share/ament_index/resource_index/parent_prefix_path/robotarm_description
[0.353s] -- Up-to-date: /home/matteo/ros2_ws/install/robotarm_description/share/robotarm_description/environment/ament_prefix_path.sh
[0.353s] -- Up-to-date: /home/matteo/ros2_ws/install/robotarm_description/share/robotarm_description/environment/ament_prefix_path.dsv
[0.353s] -- Up-to-date: /home/matteo/ros2_ws/install/robotarm_description/share/robotarm_description/environment/path.sh
[0.353s] -- Up-to-date: /home/matteo/ros2_ws/install/robotarm_description/share/robotarm_description/environment/path.dsv
[0.353s] -- Up-to-date: /home/matteo/ros2_ws/install/robotarm_description/share/robotarm_description/local_setup.bash
[0.353s] -- Up-to-date: /home/matteo/ros2_ws/install/robotarm_description/share/robotarm_description/local_setup.sh
[0.353s] -- Up-to-date: /home/matteo/ros2_ws/install/robotarm_description/share/robotarm_description/local_setup.zsh
[0.353s] -- Up-to-date: /home/matteo/ros2_ws/install/robotarm_description/share/robotarm_description/local_setup.dsv
[0.353s] -- Installing: /home/matteo/ros2_ws/install/robotarm_description/share/robotarm_description/package.dsv
[0.353s] -- Up-to-date: /home/matteo/ros2_ws/install/robotarm_description/share/ament_index/resource_index/packages/robotarm_description
[0.353s] -- Up-to-date: /home/matteo/ros2_ws/install/robotarm_description/share/robotarm_description/cmake/robotarm_descriptionConfig.cmake
[0.353s] -- Up-to-date: /home/matteo/ros2_ws/install/robotarm_description/share/robotarm_description/cmake/robotarm_descriptionConfig-version.cmake
[0.353s] -- Up-to-date: /home/matteo/ros2_ws/install/robotarm_description/share/robotarm_description/package.xml
[0.355s] Invoked command in '/home/matteo/ros2_ws/build/robotarm_description' returned '0': CMAKE_PREFIX_PATH=${CMAKE_PREFIX_PATH}:/opt/ros/jazzy DEBUGINFOD_URLS=https://debuginfod.ubuntu.com /usr/bin/cmake --install /home/matteo/ros2_ws/build/robotarm_description
